joellamathias@MacBook-Pro-2:/usr/local/Cellar/hadoop/3.1.1/WordCount3 % time ../bin/hadoop jar wc.jar org.myorg.WordCount /input1 /output1-3
2018-09-30 12:07:00,311 WARN util.NativeCodeLoader: Unable to load native-hadoop library for your platform... using builtin-java classes where applicable
2018-09-30 12:07:01,047 INFO impl.MetricsConfig: loaded properties from hadoop-metrics2.properties
2018-09-30 12:07:01,177 INFO impl.MetricsSystemImpl: Scheduled Metric snapshot period at 10 second(s).
2018-09-30 12:07:01,177 INFO impl.MetricsSystemImpl: JobTracker metrics system started
2018-09-30 12:07:01,482 INFO input.FileInputFormat: Total input files to process : 1
2018-09-30 12:07:01,568 INFO mapreduce.JobSubmitter: number of splits:1
2018-09-30 12:07:01,779 INFO mapreduce.JobSubmitter: Submitting tokens for job: job_local620790588_0001
2018-09-30 12:07:01,781 INFO mapreduce.JobSubmitter: Executing with tokens: []
2018-09-30 12:07:01,919 INFO mapreduce.Job: The url to track the job: http://localhost:8080/
2018-09-30 12:07:01,920 INFO mapreduce.Job: Running job: job_local620790588_0001
2018-09-30 12:07:01,921 INFO mapred.LocalJobRunner: OutputCommitter set in config null
2018-09-30 12:07:01,928 INFO output.FileOutputCommitter: File Output Committer Algorithm version is 2
2018-09-30 12:07:01,928 INFO output.FileOutputCommitter: FileOutputCommitter skip cleanup _temporary folders under output directory:false, ignore cleanup failures: false
2018-09-30 12:07:01,929 INFO mapred.LocalJobRunner: OutputCommitter is org.apache.hadoop.mapreduce.lib.output.FileOutputCommitter
2018-09-30 12:07:01,974 INFO mapred.LocalJobRunner: Waiting for map tasks
2018-09-30 12:07:01,974 INFO mapred.LocalJobRunner: Starting task: attempt_local620790588_0001_m_000000_0
2018-09-30 12:07:02,002 INFO output.FileOutputCommitter: File Output Committer Algorithm version is 2
2018-09-30 12:07:02,002 INFO output.FileOutputCommitter: FileOutputCommitter skip cleanup _temporary folders under output directory:false, ignore cleanup failures: false
2018-09-30 12:07:02,012 INFO util.ProcfsBasedProcessTree: ProcfsBasedProcessTree currently is supported only on Linux.
2018-09-30 12:07:02,012 INFO mapred.Task:  Using ResourceCalculatorProcessTree : null
2018-09-30 12:07:02,016 INFO mapred.MapTask: Processing split: hdfs://localhost:9000/input1/rudolph.txt:0+592
2018-09-30 12:07:02,092 INFO mapred.MapTask: (EQUATOR) 0 kvi 26214396(104857584)
2018-09-30 12:07:02,093 INFO mapred.MapTask: mapreduce.task.io.sort.mb: 100
2018-09-30 12:07:02,093 INFO mapred.MapTask: soft limit at 83886080
2018-09-30 12:07:02,093 INFO mapred.MapTask: bufstart = 0; bufvoid = 104857600
2018-09-30 12:07:02,093 INFO mapred.MapTask: kvstart = 26214396; length = 6553600
2018-09-30 12:07:02,099 INFO mapred.MapTask: Map output collector class = org.apache.hadoop.mapred.MapTask$MapOutputBuffer
2018-09-30 12:07:02,172 INFO mapred.LocalJobRunner:
2018-09-30 12:07:02,176 INFO mapred.MapTask: Starting flush of map output
2018-09-30 12:07:02,176 INFO mapred.MapTask: Spilling map output
2018-09-30 12:07:02,176 INFO mapred.MapTask: bufstart = 0; bufend = 1074; bufvoid = 104857600
2018-09-30 12:07:02,176 INFO mapred.MapTask: kvstart = 26214396(104857584); kvend = 26213924(104855696); length = 473/6553600
2018-09-30 12:07:02,203 INFO mapred.MapTask: Finished spill 0
2018-09-30 12:07:02,220 INFO mapred.Task: Task:attempt_local620790588_0001_m_000000_0 is done. And is in the process of committing
2018-09-30 12:07:02,223 INFO mapred.LocalJobRunner: map
2018-09-30 12:07:02,224 INFO mapred.Task: Task 'attempt_local620790588_0001_m_000000_0' done.
2018-09-30 12:07:02,229 INFO mapred.Task: Final Counters for attempt_local620790588_0001_m_000000_0: Counters: 23
	File System Counters
		FILE: Number of bytes read=5323
		FILE: Number of bytes written=508736
		FILE: Number of read operations=0
		FILE: Number of large read operations=0
		FILE: Number of write operations=0
		HDFS: Number of bytes read=592
		HDFS: Number of bytes written=0
		HDFS: Number of read operations=5
		HDFS: Number of large read operations=0
		HDFS: Number of write operations=1
	Map-Reduce Framework
		Map input records=24
		Map output records=119
		Map output bytes=1074
		Map output materialized bytes=873
		Input split bytes=105
		Combine input records=119
		Combine output records=78
		Spilled Records=78
		Failed Shuffles=0
		Merged Map outputs=0
		GC time elapsed (ms)=0
		Total committed heap usage (bytes)=322961408
	File Input Format Counters
		Bytes Read=592
2018-09-30 12:07:02,229 INFO mapred.LocalJobRunner: Finishing task: attempt_local620790588_0001_m_000000_0
2018-09-30 12:07:02,229 INFO mapred.LocalJobRunner: map task executor complete.
2018-09-30 12:07:02,232 INFO mapred.LocalJobRunner: Waiting for reduce tasks
2018-09-30 12:07:02,232 INFO mapred.LocalJobRunner: Starting task: attempt_local620790588_0001_r_000000_0
2018-09-30 12:07:02,239 INFO output.FileOutputCommitter: File Output Committer Algorithm version is 2
2018-09-30 12:07:02,239 INFO output.FileOutputCommitter: FileOutputCommitter skip cleanup _temporary folders under output directory:false, ignore cleanup failures: false
2018-09-30 12:07:02,240 INFO util.ProcfsBasedProcessTree: ProcfsBasedProcessTree currently is supported only on Linux.
2018-09-30 12:07:02,240 INFO mapred.Task:  Using ResourceCalculatorProcessTree : null
2018-09-30 12:07:02,243 INFO mapred.ReduceTask: Using ShuffleConsumerPlugin: org.apache.hadoop.mapreduce.task.reduce.Shuffle@5f334a0f
2018-09-30 12:07:02,245 WARN impl.MetricsSystemImpl: JobTracker metrics system already initialized!
2018-09-30 12:07:02,262 INFO reduce.MergeManagerImpl: MergerManager: memoryLimit=3006477056, maxSingleShuffleLimit=751619264, mergeThreshold=1984274944, ioSortFactor=10, memToMemMergeOutputsThreshold=10
2018-09-30 12:07:02,264 INFO reduce.EventFetcher: attempt_local620790588_0001_r_000000_0 Thread started: EventFetcher for fetching Map Completion Events
2018-09-30 12:07:02,289 INFO reduce.LocalFetcher: localfetcher#1 about to shuffle output of map attempt_local620790588_0001_m_000000_0 decomp: 869 len: 873 to MEMORY
2018-09-30 12:07:02,291 INFO reduce.InMemoryMapOutput: Read 869 bytes from map-output for attempt_local620790588_0001_m_000000_0
2018-09-30 12:07:02,293 INFO reduce.MergeManagerImpl: closeInMemoryFile -> map-output of size: 869, inMemoryMapOutputs.size() -> 1, commitMemory -> 0, usedMemory ->869
2018-09-30 12:07:02,295 INFO reduce.EventFetcher: EventFetcher is interrupted.. Returning
2018-09-30 12:07:02,296 INFO mapred.LocalJobRunner: 1 / 1 copied.
2018-09-30 12:07:02,297 INFO reduce.MergeManagerImpl: finalMerge called with 1 in-memory map-outputs and 0 on-disk map-outputs
2018-09-30 12:07:02,305 INFO mapred.Merger: Merging 1 sorted segments
2018-09-30 12:07:02,305 INFO mapred.Merger: Down to the last merge-pass, with 1 segments left of total size: 865 bytes
2018-09-30 12:07:02,312 INFO reduce.MergeManagerImpl: Merged 1 segments, 869 bytes to disk to satisfy reduce memory limit
2018-09-30 12:07:02,312 INFO reduce.MergeManagerImpl: Merging 1 files, 873 bytes from disk
2018-09-30 12:07:02,313 INFO reduce.MergeManagerImpl: Merging 0 segments, 0 bytes from memory into reduce
2018-09-30 12:07:02,313 INFO mapred.Merger: Merging 1 sorted segments
2018-09-30 12:07:02,313 INFO mapred.Merger: Down to the last merge-pass, with 1 segments left of total size: 865 bytes
2018-09-30 12:07:02,314 INFO mapred.LocalJobRunner: 1 / 1 copied.
2018-09-30 12:07:02,339 INFO Configuration.deprecation: mapred.skip.on is deprecated. Instead, use mapreduce.job.skiprecords
2018-09-30 12:07:02,389 INFO mapred.Task: Task:attempt_local620790588_0001_r_000000_0 is done. And is in the process of committing
2018-09-30 12:07:02,391 INFO mapred.LocalJobRunner: 1 / 1 copied.
2018-09-30 12:07:02,391 INFO mapred.Task: Task attempt_local620790588_0001_r_000000_0 is allowed to commit now
2018-09-30 12:07:02,404 INFO output.FileOutputCommitter: Saved output of task 'attempt_local620790588_0001_r_000000_0' to hdfs://localhost:9000/output1-3
2018-09-30 12:07:02,405 INFO mapred.LocalJobRunner: reduce > reduce
2018-09-30 12:07:02,405 INFO mapred.Task: Task 'attempt_local620790588_0001_r_000000_0' done.
2018-09-30 12:07:02,405 INFO mapred.Task: Final Counters for attempt_local620790588_0001_r_000000_0: Counters: 29
	File System Counters
		FILE: Number of bytes read=7101
		FILE: Number of bytes written=509609
		FILE: Number of read operations=0
		FILE: Number of large read operations=0
		FILE: Number of write operations=0
		HDFS: Number of bytes read=592
		HDFS: Number of bytes written=555
		HDFS: Number of read operations=10
		HDFS: Number of large read operations=0
		HDFS: Number of write operations=3
	Map-Reduce Framework
		Combine input records=0
		Combine output records=0
		Reduce input groups=78
		Reduce shuffle bytes=873
		Reduce input records=78
		Reduce output records=78
		Spilled Records=78
		Shuffled Maps =1
		Failed Shuffles=0
		Merged Map outputs=1
		GC time elapsed (ms)=0
		Total committed heap usage (bytes)=322961408
	Shuffle Errors
		BAD_ID=0
		CONNECTION=0
		IO_ERROR=0
		WRONG_LENGTH=0
		WRONG_MAP=0
		WRONG_REDUCE=0
	File Output Format Counters
		Bytes Written=555
2018-09-30 12:07:02,406 INFO mapred.LocalJobRunner: Finishing task: attempt_local620790588_0001_r_000000_0
2018-09-30 12:07:02,406 INFO mapred.LocalJobRunner: reduce task executor complete.
2018-09-30 12:07:02,934 INFO mapreduce.Job: Job job_local620790588_0001 running in uber mode : false
2018-09-30 12:07:02,936 INFO mapreduce.Job:  map 100% reduce 100%
2018-09-30 12:07:02,937 INFO mapreduce.Job: Job job_local620790588_0001 completed successfully
2018-09-30 12:07:02,945 INFO mapreduce.Job: Counters: 35
	File System Counters
		FILE: Number of bytes read=12424
		FILE: Number of bytes written=1018345
		FILE: Number of read operations=0
		FILE: Number of large read operations=0
		FILE: Number of write operations=0
		HDFS: Number of bytes read=1184
		HDFS: Number of bytes written=555
		HDFS: Number of read operations=15
		HDFS: Number of large read operations=0
		HDFS: Number of write operations=4
	Map-Reduce Framework
		Map input records=24
		Map output records=119
		Map output bytes=1074
		Map output materialized bytes=873
		Input split bytes=105
		Combine input records=119
		Combine output records=78
		Reduce input groups=78
		Reduce shuffle bytes=873
		Reduce input records=78
		Reduce output records=78
		Spilled Records=156
		Shuffled Maps =1
		Failed Shuffles=0
		Merged Map outputs=1
		GC time elapsed (ms)=0
		Total committed heap usage (bytes)=645922816
	Shuffle Errors
		BAD_ID=0
		CONNECTION=0
		IO_ERROR=0
		WRONG_LENGTH=0
		WRONG_MAP=0
		WRONG_REDUCE=0
	File Input Format Counters
		Bytes Read=592
	File Output Format Counters
		Bytes Written=555
../bin/hadoop jar wc.jar org.myorg.WordCount /input1 /output1-3  6.62s user 0.47s system 200% cpu 3.533 total
