joellamathias@MacBook-Pro-2:/usr/local/Cellar/hadoop/3.1.1/WordCount3 % time ../bin/hadoop jar wc.jar org.myorg.WordCount /input3 /output3-3
2018-09-30 12:28:48,171 WARN util.NativeCodeLoader: Unable to load native-hadoop library for your platform... using builtin-java classes where applicable
2018-09-30 12:28:48,895 INFO impl.MetricsConfig: loaded properties from hadoop-metrics2.properties
2018-09-30 12:28:49,031 INFO impl.MetricsSystemImpl: Scheduled Metric snapshot period at 10 second(s).
2018-09-30 12:28:49,031 INFO impl.MetricsSystemImpl: JobTracker metrics system started
2018-09-30 12:28:49,290 INFO input.FileInputFormat: Total input files to process : 2
2018-09-30 12:28:49,356 INFO mapreduce.JobSubmitter: number of splits:2
2018-09-30 12:28:49,566 INFO mapreduce.JobSubmitter: Submitting tokens for job: job_local255817173_0001
2018-09-30 12:28:49,567 INFO mapreduce.JobSubmitter: Executing with tokens: []
2018-09-30 12:28:49,707 INFO mapreduce.Job: The url to track the job: http://localhost:8080/
2018-09-30 12:28:49,708 INFO mapreduce.Job: Running job: job_local255817173_0001
2018-09-30 12:28:49,709 INFO mapred.LocalJobRunner: OutputCommitter set in config null
2018-09-30 12:28:49,717 INFO output.FileOutputCommitter: File Output Committer Algorithm version is 2
2018-09-30 12:28:49,717 INFO output.FileOutputCommitter: FileOutputCommitter skip cleanup _temporary folders under output directory:false, ignore cleanup failures: false
2018-09-30 12:28:49,718 INFO mapred.LocalJobRunner: OutputCommitter is org.apache.hadoop.mapreduce.lib.output.FileOutputCommitter
2018-09-30 12:28:49,761 INFO mapred.LocalJobRunner: Waiting for map tasks
2018-09-30 12:28:49,762 INFO mapred.LocalJobRunner: Starting task: attempt_local255817173_0001_m_000000_0
2018-09-30 12:28:49,788 INFO output.FileOutputCommitter: File Output Committer Algorithm version is 2
2018-09-30 12:28:49,789 INFO output.FileOutputCommitter: FileOutputCommitter skip cleanup _temporary folders under output directory:false, ignore cleanup failures: false
2018-09-30 12:28:49,799 INFO util.ProcfsBasedProcessTree: ProcfsBasedProcessTree currently is supported only on Linux.
2018-09-30 12:28:49,799 INFO mapred.Task:  Using ResourceCalculatorProcessTree : null
2018-09-30 12:28:49,803 INFO mapred.MapTask: Processing split: hdfs://localhost:9000/input3/pagerank2.txt:0+63900
2018-09-30 12:28:49,874 INFO mapred.MapTask: (EQUATOR) 0 kvi 26214396(104857584)
2018-09-30 12:28:49,874 INFO mapred.MapTask: mapreduce.task.io.sort.mb: 100
2018-09-30 12:28:49,874 INFO mapred.MapTask: soft limit at 83886080
2018-09-30 12:28:49,874 INFO mapred.MapTask: bufstart = 0; bufvoid = 104857600
2018-09-30 12:28:49,874 INFO mapred.MapTask: kvstart = 26214396; length = 6553600
2018-09-30 12:28:49,880 INFO mapred.MapTask: Map output collector class = org.apache.hadoop.mapred.MapTask$MapOutputBuffer
2018-09-30 12:28:50,023 INFO mapred.LocalJobRunner:
2018-09-30 12:28:50,025 INFO mapred.MapTask: Starting flush of map output
2018-09-30 12:28:50,025 INFO mapred.MapTask: Spilling map output
2018-09-30 12:28:50,025 INFO mapred.MapTask: bufstart = 0; bufend = 115720; bufvoid = 104857600
2018-09-30 12:28:50,025 INFO mapred.MapTask: kvstart = 26214396(104857584); kvend = 26164404(104657616); length = 49993/6553600
2018-09-30 12:28:50,111 INFO mapred.MapTask: Finished spill 0
2018-09-30 12:28:50,127 INFO mapred.Task: Task:attempt_local255817173_0001_m_000000_0 is done. And is in the process of committing
2018-09-30 12:28:50,131 INFO mapred.LocalJobRunner: map
2018-09-30 12:28:50,132 INFO mapred.Task: Task 'attempt_local255817173_0001_m_000000_0' done.
2018-09-30 12:28:50,146 INFO mapred.Task: Final Counters for attempt_local255817173_0001_m_000000_0: Counters: 23
	File System Counters
		FILE: Number of bytes read=5449
		FILE: Number of bytes written=536310
		FILE: Number of read operations=0
		FILE: Number of large read operations=0
		FILE: Number of write operations=0
		HDFS: Number of bytes read=63900
		HDFS: Number of bytes written=0
		HDFS: Number of read operations=5
		HDFS: Number of large read operations=0
		HDFS: Number of write operations=1
	Map-Reduce Framework
		Map input records=306
		Map output records=12499
		Map output bytes=115720
		Map output materialized bytes=28321
		Input split bytes=107
		Combine input records=12499
		Combine output records=2105
		Spilled Records=2105
		Failed Shuffles=0
		Merged Map outputs=0
		GC time elapsed (ms)=0
		Total committed heap usage (bytes)=322961408
	File Input Format Counters
		Bytes Read=63900
2018-09-30 12:28:50,147 INFO mapred.LocalJobRunner: Finishing task: attempt_local255817173_0001_m_000000_0
2018-09-30 12:28:50,148 INFO mapred.LocalJobRunner: Starting task: attempt_local255817173_0001_m_000001_0
2018-09-30 12:28:50,149 INFO output.FileOutputCommitter: File Output Committer Algorithm version is 2
2018-09-30 12:28:50,149 INFO output.FileOutputCommitter: FileOutputCommitter skip cleanup _temporary folders under output directory:false, ignore cleanup failures: false
2018-09-30 12:28:50,150 INFO util.ProcfsBasedProcessTree: ProcfsBasedProcessTree currently is supported only on Linux.
2018-09-30 12:28:50,150 INFO mapred.Task:  Using ResourceCalculatorProcessTree : null
2018-09-30 12:28:50,151 INFO mapred.MapTask: Processing split: hdfs://localhost:9000/input3/pagerank.txt:0+8739
2018-09-30 12:28:50,171 INFO mapred.MapTask: (EQUATOR) 0 kvi 26214396(104857584)
2018-09-30 12:28:50,171 INFO mapred.MapTask: mapreduce.task.io.sort.mb: 100
2018-09-30 12:28:50,171 INFO mapred.MapTask: soft limit at 83886080
2018-09-30 12:28:50,171 INFO mapred.MapTask: bufstart = 0; bufvoid = 104857600
2018-09-30 12:28:50,171 INFO mapred.MapTask: kvstart = 26214396; length = 6553600
2018-09-30 12:28:50,173 INFO mapred.MapTask: Map output collector class = org.apache.hadoop.mapred.MapTask$MapOutputBuffer
2018-09-30 12:28:50,210 INFO mapred.LocalJobRunner:
2018-09-30 12:28:50,210 INFO mapred.MapTask: Starting flush of map output
2018-09-30 12:28:50,210 INFO mapred.MapTask: Spilling map output
2018-09-30 12:28:50,210 INFO mapred.MapTask: bufstart = 0; bufend = 15455; bufvoid = 104857600
2018-09-30 12:28:50,210 INFO mapred.MapTask: kvstart = 26214396(104857584); kvend = 26207856(104831424); length = 6541/6553600
2018-09-30 12:28:50,230 INFO mapred.MapTask: Finished spill 0
2018-09-30 12:28:50,243 INFO mapred.Task: Task:attempt_local255817173_0001_m_000001_0 is done. And is in the process of committing
2018-09-30 12:28:50,250 INFO mapred.LocalJobRunner: map
2018-09-30 12:28:50,250 INFO mapred.Task: Task 'attempt_local255817173_0001_m_000001_0' done.
2018-09-30 12:28:50,251 INFO mapred.Task: Final Counters for attempt_local255817173_0001_m_000001_0: Counters: 23
	File System Counters
		FILE: Number of bytes read=5681
		FILE: Number of bytes written=543525
		FILE: Number of read operations=0
		FILE: Number of large read operations=0
		FILE: Number of write operations=0
		HDFS: Number of bytes read=72639
		HDFS: Number of bytes written=0
		HDFS: Number of read operations=7
		HDFS: Number of large read operations=0
		HDFS: Number of write operations=1
	Map-Reduce Framework
		Map input records=24
		Map output records=1636
		Map output bytes=15455
		Map output materialized bytes=7183
		Input split bytes=106
		Combine input records=1636
		Combine output records=554
		Spilled Records=554
		Failed Shuffles=0
		Merged Map outputs=0
		GC time elapsed (ms)=10
		Total committed heap usage (bytes)=322961408
	File Input Format Counters
		Bytes Read=8739
2018-09-30 12:28:50,251 INFO mapred.LocalJobRunner: Finishing task: attempt_local255817173_0001_m_000001_0
2018-09-30 12:28:50,251 INFO mapred.LocalJobRunner: map task executor complete.
2018-09-30 12:28:50,255 INFO mapred.LocalJobRunner: Waiting for reduce tasks
2018-09-30 12:28:50,255 INFO mapred.LocalJobRunner: Starting task: attempt_local255817173_0001_r_000000_0
2018-09-30 12:28:50,263 INFO output.FileOutputCommitter: File Output Committer Algorithm version is 2
2018-09-30 12:28:50,263 INFO output.FileOutputCommitter: FileOutputCommitter skip cleanup _temporary folders under output directory:false, ignore cleanup failures: false
2018-09-30 12:28:50,263 INFO util.ProcfsBasedProcessTree: ProcfsBasedProcessTree currently is supported only on Linux.
2018-09-30 12:28:50,263 INFO mapred.Task:  Using ResourceCalculatorProcessTree : null
2018-09-30 12:28:50,266 INFO mapred.ReduceTask: Using ShuffleConsumerPlugin: org.apache.hadoop.mapreduce.task.reduce.Shuffle@3d70f5a7
2018-09-30 12:28:50,268 WARN impl.MetricsSystemImpl: JobTracker metrics system already initialized!
2018-09-30 12:28:50,287 INFO reduce.MergeManagerImpl: MergerManager: memoryLimit=3006477056, maxSingleShuffleLimit=751619264, mergeThreshold=1984274944, ioSortFactor=10, memToMemMergeOutputsThreshold=10
2018-09-30 12:28:50,289 INFO reduce.EventFetcher: attempt_local255817173_0001_r_000000_0 Thread started: EventFetcher for fetching Map Completion Events
2018-09-30 12:28:50,318 INFO reduce.LocalFetcher: localfetcher#1 about to shuffle output of map attempt_local255817173_0001_m_000000_0 decomp: 28317 len: 28321 to MEMORY
2018-09-30 12:28:50,320 INFO reduce.InMemoryMapOutput: Read 28317 bytes from map-output for attempt_local255817173_0001_m_000000_0
2018-09-30 12:28:50,321 INFO reduce.MergeManagerImpl: closeInMemoryFile -> map-output of size: 28317, inMemoryMapOutputs.size() -> 1, commitMemory -> 0, usedMemory ->28317
2018-09-30 12:28:50,324 INFO reduce.LocalFetcher: localfetcher#1 about to shuffle output of map attempt_local255817173_0001_m_000001_0 decomp: 7179 len: 7183 to MEMORY
2018-09-30 12:28:50,324 INFO reduce.InMemoryMapOutput: Read 7179 bytes from map-output for attempt_local255817173_0001_m_000001_0
2018-09-30 12:28:50,324 INFO reduce.MergeManagerImpl: closeInMemoryFile -> map-output of size: 7179, inMemoryMapOutputs.size() -> 2, commitMemory -> 28317, usedMemory ->35496
2018-09-30 12:28:50,325 INFO reduce.EventFetcher: EventFetcher is interrupted.. Returning
2018-09-30 12:28:50,325 INFO mapred.LocalJobRunner: 2 / 2 copied.
2018-09-30 12:28:50,326 INFO reduce.MergeManagerImpl: finalMerge called with 2 in-memory map-outputs and 0 on-disk map-outputs
2018-09-30 12:28:50,340 INFO mapred.Merger: Merging 2 sorted segments
2018-09-30 12:28:50,340 INFO mapred.Merger: Down to the last merge-pass, with 2 segments left of total size: 35487 bytes
2018-09-30 12:28:50,358 INFO reduce.MergeManagerImpl: Merged 2 segments, 35496 bytes to disk to satisfy reduce memory limit
2018-09-30 12:28:50,358 INFO reduce.MergeManagerImpl: Merging 1 files, 35498 bytes from disk
2018-09-30 12:28:50,359 INFO reduce.MergeManagerImpl: Merging 0 segments, 0 bytes from memory into reduce
2018-09-30 12:28:50,359 INFO mapred.Merger: Merging 1 sorted segments
2018-09-30 12:28:50,359 INFO mapred.Merger: Down to the last merge-pass, with 1 segments left of total size: 35490 bytes
2018-09-30 12:28:50,360 INFO mapred.LocalJobRunner: 2 / 2 copied.
2018-09-30 12:28:50,387 INFO Configuration.deprecation: mapred.skip.on is deprecated. Instead, use mapreduce.job.skiprecords
2018-09-30 12:28:50,462 INFO mapred.Task: Task:attempt_local255817173_0001_r_000000_0 is done. And is in the process of committing
2018-09-30 12:28:50,464 INFO mapred.LocalJobRunner: 2 / 2 copied.
2018-09-30 12:28:50,465 INFO mapred.Task: Task attempt_local255817173_0001_r_000000_0 is allowed to commit now
2018-09-30 12:28:50,479 INFO output.FileOutputCommitter: Saved output of task 'attempt_local255817173_0001_r_000000_0' to hdfs://localhost:9000/output3-3
2018-09-30 12:28:50,480 INFO mapred.LocalJobRunner: reduce > reduce
2018-09-30 12:28:50,480 INFO mapred.Task: Task 'attempt_local255817173_0001_r_000000_0' done.
2018-09-30 12:28:50,481 INFO mapred.Task: Final Counters for attempt_local255817173_0001_r_000000_0: Counters: 29
	File System Counters
		FILE: Number of bytes read=76747
		FILE: Number of bytes written=579023
		FILE: Number of read operations=0
		FILE: Number of large read operations=0
		FILE: Number of write operations=0
		HDFS: Number of bytes read=72639
		HDFS: Number of bytes written=21136
		HDFS: Number of read operations=12
		HDFS: Number of large read operations=0
		HDFS: Number of write operations=3
	Map-Reduce Framework
		Combine input records=0
		Combine output records=0
		Reduce input groups=2207
		Reduce shuffle bytes=35504
		Reduce input records=2659
		Reduce output records=2207
		Spilled Records=2659
		Shuffled Maps =2
		Failed Shuffles=0
		Merged Map outputs=2
		GC time elapsed (ms)=0
		Total committed heap usage (bytes)=322961408
	Shuffle Errors
		BAD_ID=0
		CONNECTION=0
		IO_ERROR=0
		WRONG_LENGTH=0
		WRONG_MAP=0
		WRONG_REDUCE=0
	File Output Format Counters
		Bytes Written=21136
2018-09-30 12:28:50,483 INFO mapred.LocalJobRunner: Finishing task: attempt_local255817173_0001_r_000000_0
2018-09-30 12:28:50,483 INFO mapred.LocalJobRunner: reduce task executor complete.
2018-09-30 12:28:50,719 INFO mapreduce.Job: Job job_local255817173_0001 running in uber mode : false
2018-09-30 12:28:50,721 INFO mapreduce.Job:  map 100% reduce 100%
2018-09-30 12:28:50,722 INFO mapreduce.Job: Job job_local255817173_0001 completed successfully
2018-09-30 12:28:50,733 INFO mapreduce.Job: Counters: 35
	File System Counters
		FILE: Number of bytes read=87877
		FILE: Number of bytes written=1658858
		FILE: Number of read operations=0
		FILE: Number of large read operations=0
		FILE: Number of write operations=0
		HDFS: Number of bytes read=209178
		HDFS: Number of bytes written=21136
		HDFS: Number of read operations=24
		HDFS: Number of large read operations=0
		HDFS: Number of write operations=5
	Map-Reduce Framework
		Map input records=330
		Map output records=14135
		Map output bytes=131175
		Map output materialized bytes=35504
		Input split bytes=213
		Combine input records=14135
		Combine output records=2659
		Reduce input groups=2207
		Reduce shuffle bytes=35504
		Reduce input records=2659
		Reduce output records=2207
		Spilled Records=5318
		Shuffled Maps =2
		Failed Shuffles=0
		Merged Map outputs=2
		GC time elapsed (ms)=10
		Total committed heap usage (bytes)=968884224
	Shuffle Errors
		BAD_ID=0
		CONNECTION=0
		IO_ERROR=0
		WRONG_LENGTH=0
		WRONG_MAP=0
		WRONG_REDUCE=0
	File Input Format Counters
		Bytes Read=72639
	File Output Format Counters
		Bytes Written=21136
../bin/hadoop jar wc.jar org.myorg.WordCount /input3 /output3-3  7.67s user 0.51s system 236% cpu 3.454 total

