joellamathias@MacBook-Pro-2:/usr/local/Cellar/hadoop/3.1.1/WordCount2 % time ../bin/hadoop jar wc2.jar org.myorg.WordCount /input2 /output2-2
2018-09-30 11:47:07,570 WARN util.NativeCodeLoader: Unable to load native-hadoop library for your platform... using builtin-java classes where applicable
2018-09-30 11:47:08,291 INFO impl.MetricsConfig: loaded properties from hadoop-metrics2.properties
2018-09-30 11:47:08,438 INFO impl.MetricsSystemImpl: Scheduled Metric snapshot period at 10 second(s).
2018-09-30 11:47:08,439 INFO impl.MetricsSystemImpl: JobTracker metrics system started
2018-09-30 11:47:08,714 INFO input.FileInputFormat: Total input files to process : 1
2018-09-30 11:47:08,795 INFO mapreduce.JobSubmitter: number of splits:1
2018-09-30 11:47:08,983 INFO mapreduce.JobSubmitter: Submitting tokens for job: job_local1869563441_0001
2018-09-30 11:47:08,985 INFO mapreduce.JobSubmitter: Executing with tokens: []
2018-09-30 11:47:09,140 INFO mapreduce.Job: The url to track the job: http://localhost:8080/
2018-09-30 11:47:09,141 INFO mapreduce.Job: Running job: job_local1869563441_0001
2018-09-30 11:47:09,142 INFO mapred.LocalJobRunner: OutputCommitter set in config null
2018-09-30 11:47:09,149 INFO output.FileOutputCommitter: File Output Committer Algorithm version is 2
2018-09-30 11:47:09,149 INFO output.FileOutputCommitter: FileOutputCommitter skip cleanup _temporary folders under output directory:false, ignore cleanup failures: false
2018-09-30 11:47:09,150 INFO mapred.LocalJobRunner: OutputCommitter is org.apache.hadoop.mapreduce.lib.output.FileOutputCommitter
2018-09-30 11:47:09,194 INFO mapred.LocalJobRunner: Starting task: attempt_local1869563441_0001_m_000000_0
2018-09-30 11:47:09,194 INFO mapred.LocalJobRunner: Waiting for map tasks
2018-09-30 11:47:09,220 INFO output.FileOutputCommitter: File Output Committer Algorithm version is 2
2018-09-30 11:47:09,220 INFO output.FileOutputCommitter: FileOutputCommitter skip cleanup _temporary folders under output directory:false, ignore cleanup failures: false
2018-09-30 11:47:09,230 INFO util.ProcfsBasedProcessTree: ProcfsBasedProcessTree currently is supported only on Linux.
2018-09-30 11:47:09,230 INFO mapred.Task:  Using ResourceCalculatorProcessTree : null
2018-09-30 11:47:09,234 INFO mapred.MapTask: Processing split: hdfs://localhost:9000/input2/bigdata.txt:0+5412
2018-09-30 11:47:09,300 INFO mapred.MapTask: (EQUATOR) 0 kvi 26214396(104857584)
2018-09-30 11:47:09,300 INFO mapred.MapTask: mapreduce.task.io.sort.mb: 100
2018-09-30 11:47:09,300 INFO mapred.MapTask: soft limit at 83886080
2018-09-30 11:47:09,300 INFO mapred.MapTask: bufstart = 0; bufvoid = 104857600
2018-09-30 11:47:09,300 INFO mapred.MapTask: kvstart = 26214396; length = 6553600
2018-09-30 11:47:09,302 INFO mapred.MapTask: Map output collector class = org.apache.hadoop.mapred.MapTask$MapOutputBuffer
2018-09-30 11:47:09,388 INFO mapred.LocalJobRunner:
2018-09-30 11:47:09,390 INFO mapred.MapTask: Starting flush of map output
2018-09-30 11:47:09,391 INFO mapred.MapTask: Spilling map output
2018-09-30 11:47:09,391 INFO mapred.MapTask: bufstart = 0; bufend = 9365; bufvoid = 104857600
2018-09-30 11:47:09,391 INFO mapred.MapTask: kvstart = 26214396(104857584); kvend = 26210556(104842224); length = 3841/6553600
2018-09-30 11:47:09,421 INFO mapred.MapTask: Finished spill 0
2018-09-30 11:47:09,439 INFO mapred.Task: Task:attempt_local1869563441_0001_m_000000_0 is done. And is in the process of committing
2018-09-30 11:47:09,441 INFO mapred.LocalJobRunner: map
2018-09-30 11:47:09,441 INFO mapred.Task: Task 'attempt_local1869563441_0001_m_000000_0' done.
2018-09-30 11:47:09,448 INFO mapred.Task: Final Counters for attempt_local1869563441_0001_m_000000_0: Counters: 22
	File System Counters
		FILE: Number of bytes read=4865
		FILE: Number of bytes written=520678
		FILE: Number of read operations=0
		FILE: Number of large read operations=0
		FILE: Number of write operations=0
		HDFS: Number of bytes read=5412
		HDFS: Number of bytes written=0
		HDFS: Number of read operations=5
		HDFS: Number of large read operations=0
		HDFS: Number of write operations=1
	Map-Reduce Framework
		Map input records=30
		Map output records=961
		Map output bytes=9365
		Map output materialized bytes=11293
		Input split bytes=105
		Combine input records=0
		Spilled Records=961
		Failed Shuffles=0
		Merged Map outputs=0
		GC time elapsed (ms)=0
		Total committed heap usage (bytes)=325058560
	File Input Format Counters
		Bytes Read=5412
2018-09-30 11:47:09,448 INFO mapred.LocalJobRunner: Finishing task: attempt_local1869563441_0001_m_000000_0
2018-09-30 11:47:09,451 INFO mapred.LocalJobRunner: map task executor complete.
2018-09-30 11:47:09,454 INFO mapred.LocalJobRunner: Waiting for reduce tasks
2018-09-30 11:47:09,454 INFO mapred.LocalJobRunner: Starting task: attempt_local1869563441_0001_r_000000_0
2018-09-30 11:47:09,464 INFO output.FileOutputCommitter: File Output Committer Algorithm version is 2
2018-09-30 11:47:09,464 INFO output.FileOutputCommitter: FileOutputCommitter skip cleanup _temporary folders under output directory:false, ignore cleanup failures: false
2018-09-30 11:47:09,465 INFO util.ProcfsBasedProcessTree: ProcfsBasedProcessTree currently is supported only on Linux.
2018-09-30 11:47:09,465 INFO mapred.Task:  Using ResourceCalculatorProcessTree : null
2018-09-30 11:47:09,467 INFO mapred.ReduceTask: Using ShuffleConsumerPlugin: org.apache.hadoop.mapreduce.task.reduce.Shuffle@1fc2212d
2018-09-30 11:47:09,468 WARN impl.MetricsSystemImpl: JobTracker metrics system already initialized!
2018-09-30 11:47:09,485 INFO reduce.MergeManagerImpl: MergerManager: memoryLimit=3006477056, maxSingleShuffleLimit=751619264, mergeThreshold=1984274944, ioSortFactor=10, memToMemMergeOutputsThreshold=10
2018-09-30 11:47:09,487 INFO reduce.EventFetcher: attempt_local1869563441_0001_r_000000_0 Thread started: EventFetcher for fetching Map Completion Events
2018-09-30 11:47:09,516 INFO reduce.LocalFetcher: localfetcher#1 about to shuffle output of map attempt_local1869563441_0001_m_000000_0 decomp: 11289 len: 11293 to MEMORY
2018-09-30 11:47:09,517 INFO reduce.InMemoryMapOutput: Read 11289 bytes from map-output for attempt_local1869563441_0001_m_000000_0
2018-09-30 11:47:09,518 INFO reduce.MergeManagerImpl: closeInMemoryFile -> map-output of size: 11289, inMemoryMapOutputs.size() -> 1, commitMemory -> 0, usedMemory ->11289
2018-09-30 11:47:09,519 INFO reduce.EventFetcher: EventFetcher is interrupted.. Returning
2018-09-30 11:47:09,519 INFO mapred.LocalJobRunner: 1 / 1 copied.
2018-09-30 11:47:09,520 INFO reduce.MergeManagerImpl: finalMerge called with 1 in-memory map-outputs and 0 on-disk map-outputs
2018-09-30 11:47:09,529 INFO mapred.Merger: Merging 1 sorted segments
2018-09-30 11:47:09,529 INFO mapred.Merger: Down to the last merge-pass, with 1 segments left of total size: 11285 bytes
2018-09-30 11:47:09,540 INFO reduce.MergeManagerImpl: Merged 1 segments, 11289 bytes to disk to satisfy reduce memory limit
2018-09-30 11:47:09,540 INFO reduce.MergeManagerImpl: Merging 1 files, 11293 bytes from disk
2018-09-30 11:47:09,541 INFO reduce.MergeManagerImpl: Merging 0 segments, 0 bytes from memory into reduce
2018-09-30 11:47:09,541 INFO mapred.Merger: Merging 1 sorted segments
2018-09-30 11:47:09,542 INFO mapred.Merger: Down to the last merge-pass, with 1 segments left of total size: 11285 bytes
2018-09-30 11:47:09,542 INFO mapred.LocalJobRunner: 1 / 1 copied.
2018-09-30 11:47:09,569 INFO Configuration.deprecation: mapred.skip.on is deprecated. Instead, use mapreduce.job.skiprecords
2018-09-30 11:47:09,641 INFO mapred.Task: Task:attempt_local1869563441_0001_r_000000_0 is done. And is in the process of committing
2018-09-30 11:47:09,643 INFO mapred.LocalJobRunner: 1 / 1 copied.
2018-09-30 11:47:09,643 INFO mapred.Task: Task attempt_local1869563441_0001_r_000000_0 is allowed to commit now
2018-09-30 11:47:09,659 INFO output.FileOutputCommitter: Saved output of task 'attempt_local1869563441_0001_r_000000_0' to hdfs://localhost:9000/output2-2
2018-09-30 11:47:09,659 INFO mapred.LocalJobRunner: reduce > reduce
2018-09-30 11:47:09,659 INFO mapred.Task: Task 'attempt_local1869563441_0001_r_000000_0' done.
2018-09-30 11:47:09,660 INFO mapred.Task: Final Counters for attempt_local1869563441_0001_r_000000_0: Counters: 29
	File System Counters
		FILE: Number of bytes read=27483
		FILE: Number of bytes written=531971
		FILE: Number of read operations=0
		FILE: Number of large read operations=0
		FILE: Number of write operations=0
		HDFS: Number of bytes read=5412
		HDFS: Number of bytes written=3268
		HDFS: Number of read operations=10
		HDFS: Number of large read operations=0
		HDFS: Number of write operations=3
	Map-Reduce Framework
		Combine input records=0
		Combine output records=0
		Reduce input groups=350
		Reduce shuffle bytes=11293
		Reduce input records=961
		Reduce output records=350
		Spilled Records=961
		Shuffled Maps =1
		Failed Shuffles=0
		Merged Map outputs=1
		GC time elapsed (ms)=0
		Total committed heap usage (bytes)=325058560
	Shuffle Errors
		BAD_ID=0
		CONNECTION=0
		IO_ERROR=0
		WRONG_LENGTH=0
		WRONG_MAP=0
		WRONG_REDUCE=0
	File Output Format Counters
		Bytes Written=3268
2018-09-30 11:47:09,660 INFO mapred.LocalJobRunner: Finishing task: attempt_local1869563441_0001_r_000000_0
2018-09-30 11:47:09,661 INFO mapred.LocalJobRunner: reduce task executor complete.
2018-09-30 11:47:10,151 INFO mapreduce.Job: Job job_local1869563441_0001 running in uber mode : false
2018-09-30 11:47:10,153 INFO mapreduce.Job:  map 100% reduce 100%
2018-09-30 11:47:10,154 INFO mapreduce.Job: Job job_local1869563441_0001 completed successfully
2018-09-30 11:47:10,162 INFO mapreduce.Job: Counters: 35
	File System Counters
		FILE: Number of bytes read=32348
		FILE: Number of bytes written=1052649
		FILE: Number of read operations=0
		FILE: Number of large read operations=0
		FILE: Number of write operations=0
		HDFS: Number of bytes read=10824
		HDFS: Number of bytes written=3268
		HDFS: Number of read operations=15
		HDFS: Number of large read operations=0
		HDFS: Number of write operations=4
	Map-Reduce Framework
		Map input records=30
		Map output records=961
		Map output bytes=9365
		Map output materialized bytes=11293
		Input split bytes=105
		Combine input records=0
		Combine output records=0
		Reduce input groups=350
		Reduce shuffle bytes=11293
		Reduce input records=961
		Reduce output records=350
		Spilled Records=1922
		Shuffled Maps =1
		Failed Shuffles=0
		Merged Map outputs=1
		GC time elapsed (ms)=0
		Total committed heap usage (bytes)=650117120
	Shuffle Errors
		BAD_ID=0
		CONNECTION=0
		IO_ERROR=0
		WRONG_LENGTH=0
		WRONG_MAP=0
		WRONG_REDUCE=0
	File Input Format Counters
		Bytes Read=5412
	File Output Format Counters
		Bytes Written=3268
../bin/hadoop jar wc2.jar org.myorg.WordCount /input2 /output2-2  6.43s user 0.47s system 197% cpu 3.492 total
