joellamathias@MacBook-Pro-2:/usr/local/Cellar/hadoop/3.1.1/WordCount2 % time ../bin/hadoop jar wc2.jar org.myorg.WordCount /input3 /output3-2
2018-09-30 11:50:27,812 WARN util.NativeCodeLoader: Unable to load native-hadoop library for your platform... using builtin-java classes where applicable
2018-09-30 11:50:28,590 INFO impl.MetricsConfig: loaded properties from hadoop-metrics2.properties
2018-09-30 11:50:28,719 INFO impl.MetricsSystemImpl: Scheduled Metric snapshot period at 10 second(s).
2018-09-30 11:50:28,719 INFO impl.MetricsSystemImpl: JobTracker metrics system started
2018-09-30 11:50:28,986 INFO input.FileInputFormat: Total input files to process : 2
2018-09-30 11:50:29,049 INFO mapreduce.JobSubmitter: number of splits:2
2018-09-30 11:50:29,265 INFO mapreduce.JobSubmitter: Submitting tokens for job: job_local1808783647_0001
2018-09-30 11:50:29,267 INFO mapreduce.JobSubmitter: Executing with tokens: []
2018-09-30 11:50:29,396 INFO mapreduce.Job: The url to track the job: http://localhost:8080/
2018-09-30 11:50:29,397 INFO mapreduce.Job: Running job: job_local1808783647_0001
2018-09-30 11:50:29,398 INFO mapred.LocalJobRunner: OutputCommitter set in config null
2018-09-30 11:50:29,408 INFO output.FileOutputCommitter: File Output Committer Algorithm version is 2
2018-09-30 11:50:29,408 INFO output.FileOutputCommitter: FileOutputCommitter skip cleanup _temporary folders under output directory:false, ignore cleanup failures: false
2018-09-30 11:50:29,410 INFO mapred.LocalJobRunner: OutputCommitter is org.apache.hadoop.mapreduce.lib.output.FileOutputCommitter
2018-09-30 11:50:29,463 INFO mapred.LocalJobRunner: Waiting for map tasks
2018-09-30 11:50:29,464 INFO mapred.LocalJobRunner: Starting task: attempt_local1808783647_0001_m_000000_0
2018-09-30 11:50:29,494 INFO output.FileOutputCommitter: File Output Committer Algorithm version is 2
2018-09-30 11:50:29,495 INFO output.FileOutputCommitter: FileOutputCommitter skip cleanup _temporary folders under output directory:false, ignore cleanup failures: false
2018-09-30 11:50:29,506 INFO util.ProcfsBasedProcessTree: ProcfsBasedProcessTree currently is supported only on Linux.
2018-09-30 11:50:29,507 INFO mapred.Task:  Using ResourceCalculatorProcessTree : null
2018-09-30 11:50:29,512 INFO mapred.MapTask: Processing split: hdfs://localhost:9000/input3/pagerank2.txt:0+63900
2018-09-30 11:50:29,577 INFO mapred.MapTask: (EQUATOR) 0 kvi 26214396(104857584)
2018-09-30 11:50:29,577 INFO mapred.MapTask: mapreduce.task.io.sort.mb: 100
2018-09-30 11:50:29,577 INFO mapred.MapTask: soft limit at 83886080
2018-09-30 11:50:29,577 INFO mapred.MapTask: bufstart = 0; bufvoid = 104857600
2018-09-30 11:50:29,577 INFO mapred.MapTask: kvstart = 26214396; length = 6553600
2018-09-30 11:50:29,580 INFO mapred.MapTask: Map output collector class = org.apache.hadoop.mapred.MapTask$MapOutputBuffer
2018-09-30 11:50:29,708 INFO mapred.LocalJobRunner:
2018-09-30 11:50:29,710 INFO mapred.MapTask: Starting flush of map output
2018-09-30 11:50:29,710 INFO mapred.MapTask: Spilling map output
2018-09-30 11:50:29,710 INFO mapred.MapTask: bufstart = 0; bufend = 115720; bufvoid = 104857600
2018-09-30 11:50:29,710 INFO mapred.MapTask: kvstart = 26214396(104857584); kvend = 26164404(104657616); length = 49993/6553600
2018-09-30 11:50:29,770 INFO mapred.MapTask: Finished spill 0
2018-09-30 11:50:29,795 INFO mapred.Task: Task:attempt_local1808783647_0001_m_000000_0 is done. And is in the process of committing
2018-09-30 11:50:29,799 INFO mapred.LocalJobRunner: map
2018-09-30 11:50:29,799 INFO mapred.Task: Task 'attempt_local1808783647_0001_m_000000_0' done.
2018-09-30 11:50:29,806 INFO mapred.Task: Final Counters for attempt_local1808783647_0001_m_000000_0: Counters: 22
	File System Counters
		FILE: Number of bytes read=4991
		FILE: Number of bytes written=650235
		FILE: Number of read operations=0
		FILE: Number of large read operations=0
		FILE: Number of write operations=0
		HDFS: Number of bytes read=63900
		HDFS: Number of bytes written=0
		HDFS: Number of read operations=5
		HDFS: Number of large read operations=0
		HDFS: Number of write operations=1
	Map-Reduce Framework
		Map input records=306
		Map output records=12499
		Map output bytes=115720
		Map output materialized bytes=140724
		Input split bytes=107
		Combine input records=0
		Spilled Records=12499
		Failed Shuffles=0
		Merged Map outputs=0
		GC time elapsed (ms)=0
		Total committed heap usage (bytes)=322961408
	File Input Format Counters
		Bytes Read=63900
2018-09-30 11:50:29,807 INFO mapred.LocalJobRunner: Finishing task: attempt_local1808783647_0001_m_000000_0
2018-09-30 11:50:29,808 INFO mapred.LocalJobRunner: Starting task: attempt_local1808783647_0001_m_000001_0
2018-09-30 11:50:29,809 INFO output.FileOutputCommitter: File Output Committer Algorithm version is 2
2018-09-30 11:50:29,810 INFO output.FileOutputCommitter: FileOutputCommitter skip cleanup _temporary folders under output directory:false, ignore cleanup failures: false
2018-09-30 11:50:29,810 INFO util.ProcfsBasedProcessTree: ProcfsBasedProcessTree currently is supported only on Linux.
2018-09-30 11:50:29,810 INFO mapred.Task:  Using ResourceCalculatorProcessTree : null
2018-09-30 11:50:29,812 INFO mapred.MapTask: Processing split: hdfs://localhost:9000/input3/pagerank.txt:0+8739
2018-09-30 11:50:29,833 INFO mapred.MapTask: (EQUATOR) 0 kvi 26214396(104857584)
2018-09-30 11:50:29,834 INFO mapred.MapTask: mapreduce.task.io.sort.mb: 100
2018-09-30 11:50:29,834 INFO mapred.MapTask: soft limit at 83886080
2018-09-30 11:50:29,834 INFO mapred.MapTask: bufstart = 0; bufvoid = 104857600
2018-09-30 11:50:29,834 INFO mapred.MapTask: kvstart = 26214396; length = 6553600
2018-09-30 11:50:29,834 INFO mapred.MapTask: Map output collector class = org.apache.hadoop.mapred.MapTask$MapOutputBuffer
2018-09-30 11:50:29,857 INFO mapred.LocalJobRunner:
2018-09-30 11:50:29,857 INFO mapred.MapTask: Starting flush of map output
2018-09-30 11:50:29,857 INFO mapred.MapTask: Spilling map output
2018-09-30 11:50:29,857 INFO mapred.MapTask: bufstart = 0; bufend = 15455; bufvoid = 104857600
2018-09-30 11:50:29,858 INFO mapred.MapTask: kvstart = 26214396(104857584); kvend = 26207856(104831424); length = 6541/6553600
2018-09-30 11:50:29,872 INFO mapred.MapTask: Finished spill 0
2018-09-30 11:50:29,882 INFO mapred.Task: Task:attempt_local1808783647_0001_m_000001_0 is done. And is in the process of committing
2018-09-30 11:50:29,884 INFO mapred.LocalJobRunner: map
2018-09-30 11:50:29,885 INFO mapred.Task: Task 'attempt_local1808783647_0001_m_000001_0' done.
2018-09-30 11:50:29,885 INFO mapred.Task: Final Counters for attempt_local1808783647_0001_m_000001_0: Counters: 22
	File System Counters
		FILE: Number of bytes read=5223
		FILE: Number of bytes written=669000
		FILE: Number of read operations=0
		FILE: Number of large read operations=0
		FILE: Number of write operations=0
		HDFS: Number of bytes read=72639
		HDFS: Number of bytes written=0
		HDFS: Number of read operations=7
		HDFS: Number of large read operations=0
		HDFS: Number of write operations=1
	Map-Reduce Framework
		Map input records=24
		Map output records=1636
		Map output bytes=15455
		Map output materialized bytes=18733
		Input split bytes=106
		Combine input records=0
		Spilled Records=1636
		Failed Shuffles=0
		Merged Map outputs=0
		GC time elapsed (ms)=10
		Total committed heap usage (bytes)=322961408
	File Input Format Counters
		Bytes Read=8739
2018-09-30 11:50:29,885 INFO mapred.LocalJobRunner: Finishing task: attempt_local1808783647_0001_m_000001_0
2018-09-30 11:50:29,885 INFO mapred.LocalJobRunner: map task executor complete.
2018-09-30 11:50:29,889 INFO mapred.LocalJobRunner: Waiting for reduce tasks
2018-09-30 11:50:29,889 INFO mapred.LocalJobRunner: Starting task: attempt_local1808783647_0001_r_000000_0
2018-09-30 11:50:29,897 INFO output.FileOutputCommitter: File Output Committer Algorithm version is 2
2018-09-30 11:50:29,897 INFO output.FileOutputCommitter: FileOutputCommitter skip cleanup _temporary folders under output directory:false, ignore cleanup failures: false
2018-09-30 11:50:29,897 INFO util.ProcfsBasedProcessTree: ProcfsBasedProcessTree currently is supported only on Linux.
2018-09-30 11:50:29,897 INFO mapred.Task:  Using ResourceCalculatorProcessTree : null
2018-09-30 11:50:29,900 INFO mapred.ReduceTask: Using ShuffleConsumerPlugin: org.apache.hadoop.mapreduce.task.reduce.Shuffle@2d13ba30
2018-09-30 11:50:29,901 WARN impl.MetricsSystemImpl: JobTracker metrics system already initialized!
2018-09-30 11:50:29,920 INFO reduce.MergeManagerImpl: MergerManager: memoryLimit=3006477056, maxSingleShuffleLimit=751619264, mergeThreshold=1984274944, ioSortFactor=10, memToMemMergeOutputsThreshold=10
2018-09-30 11:50:29,923 INFO reduce.EventFetcher: attempt_local1808783647_0001_r_000000_0 Thread started: EventFetcher for fetching Map Completion Events
2018-09-30 11:50:29,950 INFO reduce.LocalFetcher: localfetcher#1 about to shuffle output of map attempt_local1808783647_0001_m_000001_0 decomp: 18729 len: 18733 to MEMORY
2018-09-30 11:50:29,952 INFO reduce.InMemoryMapOutput: Read 18729 bytes from map-output for attempt_local1808783647_0001_m_000001_0
2018-09-30 11:50:29,953 INFO reduce.MergeManagerImpl: closeInMemoryFile -> map-output of size: 18729, inMemoryMapOutputs.size() -> 1, commitMemory -> 0, usedMemory ->18729
2018-09-30 11:50:29,956 INFO reduce.LocalFetcher: localfetcher#1 about to shuffle output of map attempt_local1808783647_0001_m_000000_0 decomp: 140720 len: 140724 to MEMORY
2018-09-30 11:50:29,956 INFO reduce.InMemoryMapOutput: Read 140720 bytes from map-output for attempt_local1808783647_0001_m_000000_0
2018-09-30 11:50:29,956 INFO reduce.MergeManagerImpl: closeInMemoryFile -> map-output of size: 140720, inMemoryMapOutputs.size() -> 2, commitMemory -> 18729, usedMemory ->159449
2018-09-30 11:50:29,957 INFO reduce.EventFetcher: EventFetcher is interrupted.. Returning
2018-09-30 11:50:29,957 INFO mapred.LocalJobRunner: 2 / 2 copied.
2018-09-30 11:50:29,958 INFO reduce.MergeManagerImpl: finalMerge called with 2 in-memory map-outputs and 0 on-disk map-outputs
2018-09-30 11:50:29,970 INFO mapred.Merger: Merging 2 sorted segments
2018-09-30 11:50:29,970 INFO mapred.Merger: Down to the last merge-pass, with 2 segments left of total size: 159440 bytes
2018-09-30 11:50:30,005 INFO reduce.MergeManagerImpl: Merged 2 segments, 159449 bytes to disk to satisfy reduce memory limit
2018-09-30 11:50:30,006 INFO reduce.MergeManagerImpl: Merging 1 files, 159451 bytes from disk
2018-09-30 11:50:30,007 INFO reduce.MergeManagerImpl: Merging 0 segments, 0 bytes from memory into reduce
2018-09-30 11:50:30,007 INFO mapred.Merger: Merging 1 sorted segments
2018-09-30 11:50:30,007 INFO mapred.Merger: Down to the last merge-pass, with 1 segments left of total size: 159443 bytes
2018-09-30 11:50:30,008 INFO mapred.LocalJobRunner: 2 / 2 copied.
2018-09-30 11:50:30,038 INFO Configuration.deprecation: mapred.skip.on is deprecated. Instead, use mapreduce.job.skiprecords
2018-09-30 11:50:30,137 INFO mapred.Task: Task:attempt_local1808783647_0001_r_000000_0 is done. And is in the process of committing
2018-09-30 11:50:30,140 INFO mapred.LocalJobRunner: 2 / 2 copied.
2018-09-30 11:50:30,140 INFO mapred.Task: Task attempt_local1808783647_0001_r_000000_0 is allowed to commit now
2018-09-30 11:50:30,156 INFO output.FileOutputCommitter: Saved output of task 'attempt_local1808783647_0001_r_000000_0' to hdfs://localhost:9000/output3-2
2018-09-30 11:50:30,156 INFO mapred.LocalJobRunner: reduce > reduce
2018-09-30 11:50:30,157 INFO mapred.Task: Task 'attempt_local1808783647_0001_r_000000_0' done.
2018-09-30 11:50:30,157 INFO mapred.Task: Final Counters for attempt_local1808783647_0001_r_000000_0: Counters: 29
	File System Counters
		FILE: Number of bytes read=324195
		FILE: Number of bytes written=828451
		FILE: Number of read operations=0
		FILE: Number of large read operations=0
		FILE: Number of write operations=0
		HDFS: Number of bytes read=72639
		HDFS: Number of bytes written=23740
		HDFS: Number of read operations=12
		HDFS: Number of large read operations=0
		HDFS: Number of write operations=3
	Map-Reduce Framework
		Combine input records=0
		Combine output records=0
		Reduce input groups=2495
		Reduce shuffle bytes=159457
		Reduce input records=14135
		Reduce output records=2495
		Spilled Records=14135
		Shuffled Maps =2
		Failed Shuffles=0
		Merged Map outputs=2
		GC time elapsed (ms)=0
		Total committed heap usage (bytes)=322961408
	Shuffle Errors
		BAD_ID=0
		CONNECTION=0
		IO_ERROR=0
		WRONG_LENGTH=0
		WRONG_MAP=0
		WRONG_REDUCE=0
	File Output Format Counters
		Bytes Written=23740
2018-09-30 11:50:30,171 INFO mapred.LocalJobRunner: Finishing task: attempt_local1808783647_0001_r_000000_0
2018-09-30 11:50:30,171 INFO mapred.LocalJobRunner: reduce task executor complete.
2018-09-30 11:50:30,406 INFO mapreduce.Job: Job job_local1808783647_0001 running in uber mode : false
2018-09-30 11:50:30,408 INFO mapreduce.Job:  map 100% reduce 100%
2018-09-30 11:50:30,409 INFO mapreduce.Job: Job job_local1808783647_0001 completed successfully
2018-09-30 11:50:30,418 INFO mapreduce.Job: Counters: 35
	File System Counters
		FILE: Number of bytes read=334409
		FILE: Number of bytes written=2147686
		FILE: Number of read operations=0
		FILE: Number of large read operations=0
		FILE: Number of write operations=0
		HDFS: Number of bytes read=209178
		HDFS: Number of bytes written=23740
		HDFS: Number of read operations=24
		HDFS: Number of large read operations=0
		HDFS: Number of write operations=5
	Map-Reduce Framework
		Map input records=330
		Map output records=14135
		Map output bytes=131175
		Map output materialized bytes=159457
		Input split bytes=213
		Combine input records=0
		Combine output records=0
		Reduce input groups=2495
		Reduce shuffle bytes=159457
		Reduce input records=14135
		Reduce output records=2495
		Spilled Records=28270
		Shuffled Maps =2
		Failed Shuffles=0
		Merged Map outputs=2
		GC time elapsed (ms)=10
		Total committed heap usage (bytes)=968884224
	Shuffle Errors
		BAD_ID=0
		CONNECTION=0
		IO_ERROR=0
		WRONG_LENGTH=0
		WRONG_MAP=0
		WRONG_REDUCE=0
	File Input Format Counters
		Bytes Read=72639
	File Output Format Counters
		Bytes Written=23740
../bin/hadoop jar wc2.jar org.myorg.WordCount /input3 /output3-2  8.18s user 0.50s system 243% cpu 3.562 total

