joellamathias@MacBook-Pro-2:/usr/local/Cellar/hadoop/3.1.1 % time bin/hadoop jar wc.jar WordCount /input1 /output1
2018-09-29 22:51:05,032 WARN util.NativeCodeLoader: Unable to load native-hadoop library for your platform... using builtin-java classes where applicable
2018-09-29 22:51:05,842 INFO impl.MetricsConfig: loaded properties from hadoop-metrics2.properties
2018-09-29 22:51:05,957 INFO impl.MetricsSystemImpl: Scheduled Metric snapshot period at 10 second(s).
2018-09-29 22:51:05,958 INFO impl.MetricsSystemImpl: JobTracker metrics system started
2018-09-29 22:51:06,119 WARN mapreduce.JobResourceUploader: Hadoop command-line option parsing not performed. Implement the Tool interface and execute your application with ToolRunner to remedy this.
2018-09-29 22:51:06,237 INFO input.FileInputFormat: Total input files to process : 1
2018-09-29 22:51:06,312 INFO mapreduce.JobSubmitter: number of splits:1
2018-09-29 22:51:06,513 INFO mapreduce.JobSubmitter: Submitting tokens for job: job_local329630304_0001
2018-09-29 22:51:06,514 INFO mapreduce.JobSubmitter: Executing with tokens: []
2018-09-29 22:51:06,671 INFO mapreduce.Job: The url to track the job: http://localhost:8080/
2018-09-29 22:51:06,672 INFO mapreduce.Job: Running job: job_local329630304_0001
2018-09-29 22:51:06,672 INFO mapred.LocalJobRunner: OutputCommitter set in config null
2018-09-29 22:51:06,680 INFO output.FileOutputCommitter: File Output Committer Algorithm version is 2
2018-09-29 22:51:06,680 INFO output.FileOutputCommitter: FileOutputCommitter skip cleanup _temporary folders under output directory:false, ignore cleanup failures: false
2018-09-29 22:51:06,681 INFO mapred.LocalJobRunner: OutputCommitter is org.apache.hadoop.mapreduce.lib.output.FileOutputCommitter
2018-09-29 22:51:06,725 INFO mapred.LocalJobRunner: Waiting for map tasks
2018-09-29 22:51:06,726 INFO mapred.LocalJobRunner: Starting task: attempt_local329630304_0001_m_000000_0
2018-09-29 22:51:06,757 INFO output.FileOutputCommitter: File Output Committer Algorithm version is 2
2018-09-29 22:51:06,757 INFO output.FileOutputCommitter: FileOutputCommitter skip cleanup _temporary folders under output directory:false, ignore cleanup failures: false
2018-09-29 22:51:06,770 INFO util.ProcfsBasedProcessTree: ProcfsBasedProcessTree currently is supported only on Linux.
2018-09-29 22:51:06,771 INFO mapred.Task:  Using ResourceCalculatorProcessTree : null
2018-09-29 22:51:06,776 INFO mapred.MapTask: Processing split: hdfs://localhost:9000/input1/rudolph.txt:0+592
2018-09-29 22:51:06,853 INFO mapred.MapTask: (EQUATOR) 0 kvi 26214396(104857584)
2018-09-29 22:51:06,853 INFO mapred.MapTask: mapreduce.task.io.sort.mb: 100
2018-09-29 22:51:06,853 INFO mapred.MapTask: soft limit at 83886080
2018-09-29 22:51:06,853 INFO mapred.MapTask: bufstart = 0; bufvoid = 104857600
2018-09-29 22:51:06,853 INFO mapred.MapTask: kvstart = 26214396; length = 6553600
2018-09-29 22:51:06,857 INFO mapred.MapTask: Map output collector class = org.apache.hadoop.mapred.MapTask$MapOutputBuffer
2018-09-29 22:51:06,930 INFO mapred.LocalJobRunner:
2018-09-29 22:51:06,932 INFO mapred.MapTask: Starting flush of map output
2018-09-29 22:51:06,932 INFO mapred.MapTask: Spilling map output
2018-09-29 22:51:06,932 INFO mapred.MapTask: bufstart = 0; bufend = 1034; bufvoid = 104857600
2018-09-29 22:51:06,932 INFO mapred.MapTask: kvstart = 26214396(104857584); kvend = 26213956(104855824); length = 441/6553600
2018-09-29 22:51:06,962 INFO mapred.MapTask: Finished spill 0
2018-09-29 22:51:06,976 INFO mapred.Task: Task:attempt_local329630304_0001_m_000000_0 is done. And is in the process of committing
2018-09-29 22:51:06,980 INFO mapred.LocalJobRunner: map
2018-09-29 22:51:06,981 INFO mapred.Task: Task 'attempt_local329630304_0001_m_000000_0' done.
2018-09-29 22:51:06,990 INFO mapred.Task: Final Counters for attempt_local329630304_0001_m_000000_0: Counters: 23
	File System Counters
		FILE: Number of bytes read=3264
		FILE: Number of bytes written=506264
		FILE: Number of read operations=0
		FILE: Number of large read operations=0
		FILE: Number of write operations=0
		HDFS: Number of bytes read=592
		HDFS: Number of bytes written=0
		HDFS: Number of read operations=5
		HDFS: Number of large read operations=0
		HDFS: Number of write operations=1
	Map-Reduce Framework
		Map input records=24
		Map output records=111
		Map output bytes=1034
		Map output materialized bytes=900
		Input split bytes=105
		Combine input records=111
		Combine output records=79
		Spilled Records=79
		Failed Shuffles=0
		Merged Map outputs=0
		GC time elapsed (ms)=0
		Total committed heap usage (bytes)=322961408
	File Input Format Counters
		Bytes Read=592
2018-09-29 22:51:06,990 INFO mapred.LocalJobRunner: Finishing task: attempt_local329630304_0001_m_000000_0
2018-09-29 22:51:06,991 INFO mapred.LocalJobRunner: map task executor complete.
2018-09-29 22:51:06,993 INFO mapred.LocalJobRunner: Waiting for reduce tasks
2018-09-29 22:51:06,994 INFO mapred.LocalJobRunner: Starting task: attempt_local329630304_0001_r_000000_0
2018-09-29 22:51:07,001 INFO output.FileOutputCommitter: File Output Committer Algorithm version is 2
2018-09-29 22:51:07,001 INFO output.FileOutputCommitter: FileOutputCommitter skip cleanup _temporary folders under output directory:false, ignore cleanup failures: false
2018-09-29 22:51:07,001 INFO util.ProcfsBasedProcessTree: ProcfsBasedProcessTree currently is supported only on Linux.
2018-09-29 22:51:07,001 INFO mapred.Task:  Using ResourceCalculatorProcessTree : null
2018-09-29 22:51:07,004 INFO mapred.ReduceTask: Using ShuffleConsumerPlugin: org.apache.hadoop.mapreduce.task.reduce.Shuffle@30189fb2
2018-09-29 22:51:07,005 WARN impl.MetricsSystemImpl: JobTracker metrics system already initialized!
2018-09-29 22:51:07,020 INFO reduce.MergeManagerImpl: MergerManager: memoryLimit=3006477056, maxSingleShuffleLimit=751619264, mergeThreshold=1984274944, ioSortFactor=10, memToMemMergeOutputsThreshold=10
2018-09-29 22:51:07,023 INFO reduce.EventFetcher: attempt_local329630304_0001_r_000000_0 Thread started: EventFetcher for fetching Map Completion Events
2018-09-29 22:51:07,044 INFO reduce.LocalFetcher: localfetcher#1 about to shuffle output of map attempt_local329630304_0001_m_000000_0 decomp: 896 len: 900 to MEMORY
2018-09-29 22:51:07,046 INFO reduce.InMemoryMapOutput: Read 896 bytes from map-output for attempt_local329630304_0001_m_000000_0
2018-09-29 22:51:07,047 INFO reduce.MergeManagerImpl: closeInMemoryFile -> map-output of size: 896, inMemoryMapOutputs.size() -> 1, commitMemory -> 0, usedMemory ->896
2018-09-29 22:51:07,048 INFO reduce.EventFetcher: EventFetcher is interrupted.. Returning
2018-09-29 22:51:07,049 INFO mapred.LocalJobRunner: 1 / 1 copied.
2018-09-29 22:51:07,049 INFO reduce.MergeManagerImpl: finalMerge called with 1 in-memory map-outputs and 0 on-disk map-outputs
2018-09-29 22:51:07,060 INFO mapred.Merger: Merging 1 sorted segments
2018-09-29 22:51:07,060 INFO mapred.Merger: Down to the last merge-pass, with 1 segments left of total size: 890 bytes
2018-09-29 22:51:07,067 INFO reduce.MergeManagerImpl: Merged 1 segments, 896 bytes to disk to satisfy reduce memory limit
2018-09-29 22:51:07,067 INFO reduce.MergeManagerImpl: Merging 1 files, 900 bytes from disk
2018-09-29 22:51:07,068 INFO reduce.MergeManagerImpl: Merging 0 segments, 0 bytes from memory into reduce
2018-09-29 22:51:07,068 INFO mapred.Merger: Merging 1 sorted segments
2018-09-29 22:51:07,068 INFO mapred.Merger: Down to the last merge-pass, with 1 segments left of total size: 890 bytes
2018-09-29 22:51:07,069 INFO mapred.LocalJobRunner: 1 / 1 copied.
2018-09-29 22:51:07,097 INFO Configuration.deprecation: mapred.skip.on is deprecated. Instead, use mapreduce.job.skiprecords
2018-09-29 22:51:07,149 INFO mapred.Task: Task:attempt_local329630304_0001_r_000000_0 is done. And is in the process of committing
2018-09-29 22:51:07,151 INFO mapred.LocalJobRunner: 1 / 1 copied.
2018-09-29 22:51:07,152 INFO mapred.Task: Task attempt_local329630304_0001_r_000000_0 is allowed to commit now
2018-09-29 22:51:07,167 INFO output.FileOutputCommitter: Saved output of task 'attempt_local329630304_0001_r_000000_0' to hdfs://localhost:9000/output1
2018-09-29 22:51:07,168 INFO mapred.LocalJobRunner: reduce > reduce
2018-09-29 22:51:07,168 INFO mapred.Task: Task 'attempt_local329630304_0001_r_000000_0' done.
2018-09-29 22:51:07,169 INFO mapred.Task: Final Counters for attempt_local329630304_0001_r_000000_0: Counters: 29
	File System Counters
		FILE: Number of bytes read=5096
		FILE: Number of bytes written=507164
		FILE: Number of read operations=0
		FILE: Number of large read operations=0
		FILE: Number of write operations=0
		HDFS: Number of bytes read=592
		HDFS: Number of bytes written=578
		HDFS: Number of read operations=10
		HDFS: Number of large read operations=0
		HDFS: Number of write operations=3
	Map-Reduce Framework
		Combine input records=0
		Combine output records=0
		Reduce input groups=79
		Reduce shuffle bytes=900
		Reduce input records=79
		Reduce output records=79
		Spilled Records=79
		Shuffled Maps =1
		Failed Shuffles=0
		Merged Map outputs=1
		GC time elapsed (ms)=0
		Total committed heap usage (bytes)=322961408
	Shuffle Errors
		BAD_ID=0
		CONNECTION=0
		IO_ERROR=0
		WRONG_LENGTH=0
		WRONG_MAP=0
		WRONG_REDUCE=0
	File Output Format Counters
		Bytes Written=578
2018-09-29 22:51:07,169 INFO mapred.LocalJobRunner: Finishing task: attempt_local329630304_0001_r_000000_0
2018-09-29 22:51:07,169 INFO mapred.LocalJobRunner: reduce task executor complete.
2018-09-29 22:51:07,680 INFO mapreduce.Job: Job job_local329630304_0001 running in uber mode : false
2018-09-29 22:51:07,682 INFO mapreduce.Job:  map 100% reduce 100%
2018-09-29 22:51:07,683 INFO mapreduce.Job: Job job_local329630304_0001 completed successfully
2018-09-29 22:51:07,691 INFO mapreduce.Job: Counters: 35
	File System Counters
		FILE: Number of bytes read=8360
		FILE: Number of bytes written=1013428
		FILE: Number of read operations=0
		FILE: Number of large read operations=0
		FILE: Number of write operations=0
		HDFS: Number of bytes read=1184
		HDFS: Number of bytes written=578
		HDFS: Number of read operations=15
		HDFS: Number of large read operations=0
		HDFS: Number of write operations=4
	Map-Reduce Framework
		Map input records=24
		Map output records=111
		Map output bytes=1034
		Map output materialized bytes=900
		Input split bytes=105
		Combine input records=111
		Combine output records=79
		Reduce input groups=79
		Reduce shuffle bytes=900
		Reduce input records=79
		Reduce output records=79
		Spilled Records=158
		Shuffled Maps =1
		Failed Shuffles=0
		Merged Map outputs=1
		GC time elapsed (ms)=0
		Total committed heap usage (bytes)=645922816
	Shuffle Errors
		BAD_ID=0
		CONNECTION=0
		IO_ERROR=0
		WRONG_LENGTH=0
		WRONG_MAP=0
		WRONG_REDUCE=0
	File Input Format Counters
		Bytes Read=592
	File Output Format Counters
		Bytes Written=578
bin/hadoop jar wc.jar WordCount /input1 /output1  7.15s user 0.49s system 211% cpu 3.609 total
