joellamathias@MacBook-Pro-2:/usr/local/Cellar/hadoop/3.1.1 % time bin/hadoop jar wc.jar WordCount /input3 /output3
2018-09-30 10:55:43,545 WARN util.NativeCodeLoader: Unable to load native-hadoop library for your platform... using builtin-java classes where applicable
2018-09-30 10:55:44,288 INFO impl.MetricsConfig: loaded properties from hadoop-metrics2.properties
2018-09-30 10:55:44,412 INFO impl.MetricsSystemImpl: Scheduled Metric snapshot period at 10 second(s).
2018-09-30 10:55:44,412 INFO impl.MetricsSystemImpl: JobTracker metrics system started
2018-09-30 10:55:44,565 WARN mapreduce.JobResourceUploader: Hadoop command-line option parsing not performed. Implement the Tool interface and execute your application with ToolRunner to remedy this.
2018-09-30 10:55:44,698 INFO input.FileInputFormat: Total input files to process : 2
2018-09-30 10:55:44,778 INFO mapreduce.JobSubmitter: number of splits:2
2018-09-30 10:55:44,970 INFO mapreduce.JobSubmitter: Submitting tokens for job: job_local1624398787_0001
2018-09-30 10:55:44,971 INFO mapreduce.JobSubmitter: Executing with tokens: []
2018-09-30 10:55:45,134 INFO mapreduce.Job: The url to track the job: http://localhost:8080/
2018-09-30 10:55:45,135 INFO mapreduce.Job: Running job: job_local1624398787_0001
2018-09-30 10:55:45,136 INFO mapred.LocalJobRunner: OutputCommitter set in config null
2018-09-30 10:55:45,144 INFO output.FileOutputCommitter: File Output Committer Algorithm version is 2
2018-09-30 10:55:45,144 INFO output.FileOutputCommitter: FileOutputCommitter skip cleanup _temporary folders under output directory:false, ignore cleanup failures: false
2018-09-30 10:55:45,145 INFO mapred.LocalJobRunner: OutputCommitter is org.apache.hadoop.mapreduce.lib.output.FileOutputCommitter
2018-09-30 10:55:45,189 INFO mapred.LocalJobRunner: Waiting for map tasks
2018-09-30 10:55:45,190 INFO mapred.LocalJobRunner: Starting task: attempt_local1624398787_0001_m_000000_0
2018-09-30 10:55:45,215 INFO output.FileOutputCommitter: File Output Committer Algorithm version is 2
2018-09-30 10:55:45,215 INFO output.FileOutputCommitter: FileOutputCommitter skip cleanup _temporary folders under output directory:false, ignore cleanup failures: false
2018-09-30 10:55:45,226 INFO util.ProcfsBasedProcessTree: ProcfsBasedProcessTree currently is supported only on Linux.
2018-09-30 10:55:45,226 INFO mapred.Task:  Using ResourceCalculatorProcessTree : null
2018-09-30 10:55:45,233 INFO mapred.MapTask: Processing split: hdfs://localhost:9000/input3/pagerank2.txt:0+63900
2018-09-30 10:55:45,302 INFO mapred.MapTask: (EQUATOR) 0 kvi 26214396(104857584)
2018-09-30 10:55:45,302 INFO mapred.MapTask: mapreduce.task.io.sort.mb: 100
2018-09-30 10:55:45,302 INFO mapred.MapTask: soft limit at 83886080
2018-09-30 10:55:45,302 INFO mapred.MapTask: bufstart = 0; bufvoid = 104857600
2018-09-30 10:55:45,302 INFO mapred.MapTask: kvstart = 26214396; length = 6553600
2018-09-30 10:55:45,306 INFO mapred.MapTask: Map output collector class = org.apache.hadoop.mapred.MapTask$MapOutputBuffer
2018-09-30 10:55:45,415 INFO mapred.LocalJobRunner:
2018-09-30 10:55:45,417 INFO mapred.MapTask: Starting flush of map output
2018-09-30 10:55:45,417 INFO mapred.MapTask: Spilling map output
2018-09-30 10:55:45,417 INFO mapred.MapTask: bufstart = 0; bufend = 105314; bufvoid = 104857600
2018-09-30 10:55:45,417 INFO mapred.MapTask: kvstart = 26214396(104857584); kvend = 26172648(104690592); length = 41749/6553600
2018-09-30 10:55:45,505 INFO mapred.MapTask: Finished spill 0
2018-09-30 10:55:45,522 INFO mapred.Task: Task:attempt_local1624398787_0001_m_000000_0 is done. And is in the process of committing
2018-09-30 10:55:45,525 INFO mapred.LocalJobRunner: map
2018-09-30 10:55:45,525 INFO mapred.Task: Task 'attempt_local1624398787_0001_m_000000_0' done.
2018-09-30 10:55:45,530 INFO mapred.Task: Final Counters for attempt_local1624398787_0001_m_000000_0: Counters: 23
	File System Counters
		FILE: Number of bytes read=3390
		FILE: Number of bytes written=548597
		FILE: Number of read operations=0
		FILE: Number of large read operations=0
		FILE: Number of write operations=0
		HDFS: Number of bytes read=63900
		HDFS: Number of bytes written=0
		HDFS: Number of read operations=5
		HDFS: Number of large read operations=0
		HDFS: Number of write operations=1
	Map-Reduce Framework
		Map input records=306
		Map output records=10438
		Map output bytes=105314
		Map output materialized bytes=40695
		Input split bytes=107
		Combine input records=10438
		Combine output records=2881
		Spilled Records=2881
		Failed Shuffles=0
		Merged Map outputs=0
		GC time elapsed (ms)=0
		Total committed heap usage (bytes)=322961408
	File Input Format Counters
		Bytes Read=63900
2018-09-30 10:55:45,530 INFO mapred.LocalJobRunner: Finishing task: attempt_local1624398787_0001_m_000000_0
2018-09-30 10:55:45,531 INFO mapred.LocalJobRunner: Starting task: attempt_local1624398787_0001_m_000001_0
2018-09-30 10:55:45,532 INFO output.FileOutputCommitter: File Output Committer Algorithm version is 2
2018-09-30 10:55:45,532 INFO output.FileOutputCommitter: FileOutputCommitter skip cleanup _temporary folders under output directory:false, ignore cleanup failures: false
2018-09-30 10:55:45,532 INFO util.ProcfsBasedProcessTree: ProcfsBasedProcessTree currently is supported only on Linux.
2018-09-30 10:55:45,533 INFO mapred.Task:  Using ResourceCalculatorProcessTree : null
2018-09-30 10:55:45,534 INFO mapred.MapTask: Processing split: hdfs://localhost:9000/input3/pagerank.txt:0+8739
2018-09-30 10:55:45,556 INFO mapred.MapTask: (EQUATOR) 0 kvi 26214396(104857584)
2018-09-30 10:55:45,556 INFO mapred.MapTask: mapreduce.task.io.sort.mb: 100
2018-09-30 10:55:45,556 INFO mapred.MapTask: soft limit at 83886080
2018-09-30 10:55:45,556 INFO mapred.MapTask: bufstart = 0; bufvoid = 104857600
2018-09-30 10:55:45,556 INFO mapred.MapTask: kvstart = 26214396; length = 6553600
2018-09-30 10:55:45,557 INFO mapred.MapTask: Map output collector class = org.apache.hadoop.mapred.MapTask$MapOutputBuffer
2018-09-30 10:55:45,571 INFO mapred.LocalJobRunner:
2018-09-30 10:55:45,573 INFO mapred.MapTask: Starting flush of map output
2018-09-30 10:55:45,573 INFO mapred.MapTask: Spilling map output
2018-09-30 10:55:45,573 INFO mapred.MapTask: bufstart = 0; bufend = 14572; bufvoid = 104857600
2018-09-30 10:55:45,573 INFO mapred.MapTask: kvstart = 26214396(104857584); kvend = 26208560(104834240); length = 5837/6553600
2018-09-30 10:55:45,590 INFO mapred.MapTask: Finished spill 0
2018-09-30 10:55:45,605 INFO mapred.Task: Task:attempt_local1624398787_0001_m_000001_0 is done. And is in the process of committing
2018-09-30 10:55:45,609 INFO mapred.LocalJobRunner: map
2018-09-30 10:55:45,609 INFO mapred.Task: Task 'attempt_local1624398787_0001_m_000001_0' done.
2018-09-30 10:55:45,609 INFO mapred.Task: Final Counters for attempt_local1624398787_0001_m_000001_0: Counters: 23
	File System Counters
		FILE: Number of bytes read=3622
		FILE: Number of bytes written=557097
		FILE: Number of read operations=0
		FILE: Number of large read operations=0
		FILE: Number of write operations=0
		HDFS: Number of bytes read=72639
		HDFS: Number of bytes written=0
		HDFS: Number of read operations=7
		HDFS: Number of large read operations=0
		HDFS: Number of write operations=1
	Map-Reduce Framework
		Map input records=24
		Map output records=1460
		Map output bytes=14572
		Map output materialized bytes=8468
		Input split bytes=106
		Combine input records=1460
		Combine output records=632
		Spilled Records=632
		Failed Shuffles=0
		Merged Map outputs=0
		GC time elapsed (ms)=11
		Total committed heap usage (bytes)=322961408
	File Input Format Counters
		Bytes Read=8739
2018-09-30 10:55:45,609 INFO mapred.LocalJobRunner: Finishing task: attempt_local1624398787_0001_m_000001_0
2018-09-30 10:55:45,610 INFO mapred.LocalJobRunner: map task executor complete.
2018-09-30 10:55:45,613 INFO mapred.LocalJobRunner: Waiting for reduce tasks
2018-09-30 10:55:45,613 INFO mapred.LocalJobRunner: Starting task: attempt_local1624398787_0001_r_000000_0
2018-09-30 10:55:45,621 INFO output.FileOutputCommitter: File Output Committer Algorithm version is 2
2018-09-30 10:55:45,621 INFO output.FileOutputCommitter: FileOutputCommitter skip cleanup _temporary folders under output directory:false, ignore cleanup failures: false
2018-09-30 10:55:45,621 INFO util.ProcfsBasedProcessTree: ProcfsBasedProcessTree currently is supported only on Linux.
2018-09-30 10:55:45,621 INFO mapred.Task:  Using ResourceCalculatorProcessTree : null
2018-09-30 10:55:45,623 INFO mapred.ReduceTask: Using ShuffleConsumerPlugin: org.apache.hadoop.mapreduce.task.reduce.Shuffle@1223e749
2018-09-30 10:55:45,625 WARN impl.MetricsSystemImpl: JobTracker metrics system already initialized!
2018-09-30 10:55:45,643 INFO reduce.MergeManagerImpl: MergerManager: memoryLimit=3006477056, maxSingleShuffleLimit=751619264, mergeThreshold=1984274944, ioSortFactor=10, memToMemMergeOutputsThreshold=10
2018-09-30 10:55:45,645 INFO reduce.EventFetcher: attempt_local1624398787_0001_r_000000_0 Thread started: EventFetcher for fetching Map Completion Events
2018-09-30 10:55:45,670 INFO reduce.LocalFetcher: localfetcher#1 about to shuffle output of map attempt_local1624398787_0001_m_000001_0 decomp: 8464 len: 8468 to MEMORY
2018-09-30 10:55:45,671 INFO reduce.InMemoryMapOutput: Read 8464 bytes from map-output for attempt_local1624398787_0001_m_000001_0
2018-09-30 10:55:45,673 INFO reduce.MergeManagerImpl: closeInMemoryFile -> map-output of size: 8464, inMemoryMapOutputs.size() -> 1, commitMemory -> 0, usedMemory ->8464
2018-09-30 10:55:45,676 INFO reduce.LocalFetcher: localfetcher#1 about to shuffle output of map attempt_local1624398787_0001_m_000000_0 decomp: 40691 len: 40695 to MEMORY
2018-09-30 10:55:45,676 INFO reduce.InMemoryMapOutput: Read 40691 bytes from map-output for attempt_local1624398787_0001_m_000000_0
2018-09-30 10:55:45,676 INFO reduce.MergeManagerImpl: closeInMemoryFile -> map-output of size: 40691, inMemoryMapOutputs.size() -> 2, commitMemory -> 8464, usedMemory ->49155
2018-09-30 10:55:45,677 INFO reduce.EventFetcher: EventFetcher is interrupted.. Returning
2018-09-30 10:55:45,677 INFO mapred.LocalJobRunner: 2 / 2 copied.
2018-09-30 10:55:45,678 INFO reduce.MergeManagerImpl: finalMerge called with 2 in-memory map-outputs and 0 on-disk map-outputs
2018-09-30 10:55:45,691 INFO mapred.Merger: Merging 2 sorted segments
2018-09-30 10:55:45,692 INFO mapred.Merger: Down to the last merge-pass, with 2 segments left of total size: 49139 bytes
2018-09-30 10:55:45,713 INFO reduce.MergeManagerImpl: Merged 2 segments, 49155 bytes to disk to satisfy reduce memory limit
2018-09-30 10:55:45,714 INFO reduce.MergeManagerImpl: Merging 1 files, 49157 bytes from disk
2018-09-30 10:55:45,714 INFO reduce.MergeManagerImpl: Merging 0 segments, 0 bytes from memory into reduce
2018-09-30 10:55:45,715 INFO mapred.Merger: Merging 1 sorted segments
2018-09-30 10:55:45,715 INFO mapred.Merger: Down to the last merge-pass, with 1 segments left of total size: 49145 bytes
2018-09-30 10:55:45,716 INFO mapred.LocalJobRunner: 2 / 2 copied.
2018-09-30 10:55:45,747 INFO Configuration.deprecation: mapred.skip.on is deprecated. Instead, use mapreduce.job.skiprecords
2018-09-30 10:55:45,829 INFO mapred.Task: Task:attempt_local1624398787_0001_r_000000_0 is done. And is in the process of committing
2018-09-30 10:55:45,832 INFO mapred.LocalJobRunner: 2 / 2 copied.
2018-09-30 10:55:45,833 INFO mapred.Task: Task attempt_local1624398787_0001_r_000000_0 is allowed to commit now
2018-09-30 10:55:45,849 INFO output.FileOutputCommitter: Saved output of task 'attempt_local1624398787_0001_r_000000_0' to hdfs://localhost:9000/output3
2018-09-30 10:55:45,849 INFO mapred.LocalJobRunner: reduce > reduce
2018-09-30 10:55:45,850 INFO mapred.Task: Task 'attempt_local1624398787_0001_r_000000_0' done.
2018-09-30 10:55:45,850 INFO mapred.Task: Final Counters for attempt_local1624398787_0001_r_000000_0: Counters: 29
	File System Counters
		FILE: Number of bytes read=102006
		FILE: Number of bytes written=606254
		FILE: Number of read operations=0
		FILE: Number of large read operations=0
		FILE: Number of write operations=0
		HDFS: Number of bytes read=72639
		HDFS: Number of bytes written=31222
		HDFS: Number of read operations=12
		HDFS: Number of large read operations=0
		HDFS: Number of write operations=3
	Map-Reduce Framework
		Combine input records=0
		Combine output records=0
		Reduce input groups=3061
		Reduce shuffle bytes=49163
		Reduce input records=3513
		Reduce output records=3061
		Spilled Records=3513
		Shuffled Maps =2
		Failed Shuffles=0
		Merged Map outputs=2
		GC time elapsed (ms)=0
		Total committed heap usage (bytes)=322961408
	Shuffle Errors
		BAD_ID=0
		CONNECTION=0
		IO_ERROR=0
		WRONG_LENGTH=0
		WRONG_MAP=0
		WRONG_REDUCE=0
	File Output Format Counters
		Bytes Written=31222
2018-09-30 10:55:45,852 INFO mapred.LocalJobRunner: Finishing task: attempt_local1624398787_0001_r_000000_0
2018-09-30 10:55:45,852 INFO mapred.LocalJobRunner: reduce task executor complete.
2018-09-30 10:55:46,149 INFO mapreduce.Job: Job job_local1624398787_0001 running in uber mode : false
2018-09-30 10:55:46,151 INFO mapreduce.Job:  map 100% reduce 100%
2018-09-30 10:55:46,152 INFO mapreduce.Job: Job job_local1624398787_0001 completed successfully
2018-09-30 10:55:46,162 INFO mapreduce.Job: Counters: 35
	File System Counters
		FILE: Number of bytes read=109018
		FILE: Number of bytes written=1711948
		FILE: Number of read operations=0
		FILE: Number of large read operations=0
		FILE: Number of write operations=0
		HDFS: Number of bytes read=209178
		HDFS: Number of bytes written=31222
		HDFS: Number of read operations=24
		HDFS: Number of large read operations=0
		HDFS: Number of write operations=5
	Map-Reduce Framework
		Map input records=330
		Map output records=11898
		Map output bytes=119886
		Map output materialized bytes=49163
		Input split bytes=213
		Combine input records=11898
		Combine output records=3513
		Reduce input groups=3061
		Reduce shuffle bytes=49163
		Reduce input records=3513
		Reduce output records=3061
		Spilled Records=7026
		Shuffled Maps =2
		Failed Shuffles=0
		Merged Map outputs=2
		GC time elapsed (ms)=11
		Total committed heap usage (bytes)=968884224
	Shuffle Errors
		BAD_ID=0
		CONNECTION=0
		IO_ERROR=0
		WRONG_LENGTH=0
		WRONG_MAP=0
		WRONG_REDUCE=0
	File Input Format Counters
		Bytes Read=72639
	File Output Format Counters
		Bytes Written=31222
bin/hadoop jar wc.jar WordCount /input3 /output3  8.12s user 0.49s system 240% cpu 3.575 total

