joellamathias@MacBook-Pro-2:/usr/local/Cellar/hadoop/3.1.1 % time bin/hadoop jar wc.jar WordCount /input2 /output2
2018-09-29 22:40:16,026 WARN util.NativeCodeLoader: Unable to load native-hadoop library for your platform... using builtin-java classes where applicable
2018-09-29 22:40:16,703 INFO impl.MetricsConfig: loaded properties from hadoop-metrics2.properties
2018-09-29 22:40:16,808 INFO impl.MetricsSystemImpl: Scheduled Metric snapshot period at 10 second(s).
2018-09-29 22:40:16,808 INFO impl.MetricsSystemImpl: JobTracker metrics system started
2018-09-29 22:40:16,953 WARN mapreduce.JobResourceUploader: Hadoop command-line option parsing not performed. Implement the Tool interface and execute your application with ToolRunner to remedy this.
2018-09-29 22:40:17,060 INFO input.FileInputFormat: Total input files to process : 1
2018-09-29 22:40:17,125 INFO mapreduce.JobSubmitter: number of splits:1
2018-09-29 22:40:17,300 INFO mapreduce.JobSubmitter: Submitting tokens for job: job_local249660640_0001
2018-09-29 22:40:17,301 INFO mapreduce.JobSubmitter: Executing with tokens: []
2018-09-29 22:40:17,420 INFO mapreduce.Job: The url to track the job: http://localhost:8080/
2018-09-29 22:40:17,421 INFO mapreduce.Job: Running job: job_local249660640_0001
2018-09-29 22:40:17,424 INFO mapred.LocalJobRunner: OutputCommitter set in config null
2018-09-29 22:40:17,434 INFO output.FileOutputCommitter: File Output Committer Algorithm version is 2
2018-09-29 22:40:17,434 INFO output.FileOutputCommitter: FileOutputCommitter skip cleanup _temporary folders under output directory:false, ignore cleanup failures: false
2018-09-29 22:40:17,441 INFO mapred.LocalJobRunner: OutputCommitter is org.apache.hadoop.mapreduce.lib.output.FileOutputCommitter
2018-09-29 22:40:17,514 INFO mapred.LocalJobRunner: Waiting for map tasks
2018-09-29 22:40:17,514 INFO mapred.LocalJobRunner: Starting task: attempt_local249660640_0001_m_000000_0
2018-09-29 22:40:17,541 INFO output.FileOutputCommitter: File Output Committer Algorithm version is 2
2018-09-29 22:40:17,541 INFO output.FileOutputCommitter: FileOutputCommitter skip cleanup _temporary folders under output directory:false, ignore cleanup failures: false
2018-09-29 22:40:17,555 INFO util.ProcfsBasedProcessTree: ProcfsBasedProcessTree currently is supported only on Linux.
2018-09-29 22:40:17,555 INFO mapred.Task:  Using ResourceCalculatorProcessTree : null
2018-09-29 22:40:17,558 INFO mapred.MapTask: Processing split: hdfs://localhost:9000/input2/bigdata.txt:0+5412
2018-09-29 22:40:17,640 INFO mapred.MapTask: (EQUATOR) 0 kvi 26214396(104857584)
2018-09-29 22:40:17,640 INFO mapred.MapTask: mapreduce.task.io.sort.mb: 100
2018-09-29 22:40:17,640 INFO mapred.MapTask: soft limit at 83886080
2018-09-29 22:40:17,640 INFO mapred.MapTask: bufstart = 0; bufvoid = 104857600
2018-09-29 22:40:17,640 INFO mapred.MapTask: kvstart = 26214396; length = 6553600
2018-09-29 22:40:17,646 INFO mapred.MapTask: Map output collector class = org.apache.hadoop.mapred.MapTask$MapOutputBuffer
2018-09-29 22:40:17,742 INFO mapred.LocalJobRunner:
2018-09-29 22:40:17,744 INFO mapred.MapTask: Starting flush of map output
2018-09-29 22:40:17,744 INFO mapred.MapTask: Spilling map output
2018-09-29 22:40:17,744 INFO mapred.MapTask: bufstart = 0; bufend = 8760; bufvoid = 104857600
2018-09-29 22:40:17,744 INFO mapred.MapTask: kvstart = 26214396(104857584); kvend = 26211040(104844160); length = 3357/6553600
2018-09-29 22:40:17,792 INFO mapred.MapTask: Finished spill 0
2018-09-29 22:40:17,811 INFO mapred.Task: Task:attempt_local249660640_0001_m_000000_0 is done. And is in the process of committing
2018-09-29 22:40:17,817 INFO mapred.LocalJobRunner: map
2018-09-29 22:40:17,818 INFO mapred.Task: Task 'attempt_local249660640_0001_m_000000_0' done.
2018-09-29 22:40:17,828 INFO mapred.Task: Final Counters for attempt_local249660640_0001_m_000000_0: Counters: 23
	File System Counters
		FILE: Number of bytes read=3264
		FILE: Number of bytes written=510643
		FILE: Number of read operations=0
		FILE: Number of large read operations=0
		FILE: Number of write operations=0
		HDFS: Number of bytes read=5412
		HDFS: Number of bytes written=0
		HDFS: Number of read operations=5
		HDFS: Number of large read operations=0
		HDFS: Number of write operations=1
	Map-Reduce Framework
		Map input records=30
		Map output records=840
		Map output bytes=8760
		Map output materialized bytes=5279
		Input split bytes=105
		Combine input records=840
		Combine output records=380
		Spilled Records=380
		Failed Shuffles=0
		Merged Map outputs=0
		GC time elapsed (ms)=0
		Total committed heap usage (bytes)=328204288
	File Input Format Counters
		Bytes Read=5412
2018-09-29 22:40:17,828 INFO mapred.LocalJobRunner: Finishing task: attempt_local249660640_0001_m_000000_0
2018-09-29 22:40:17,829 INFO mapred.LocalJobRunner: map task executor complete.
2018-09-29 22:40:17,836 INFO mapred.LocalJobRunner: Starting task: attempt_local249660640_0001_r_000000_0
2018-09-29 22:40:17,839 INFO mapred.LocalJobRunner: Waiting for reduce tasks
2018-09-29 22:40:17,844 INFO output.FileOutputCommitter: File Output Committer Algorithm version is 2
2018-09-29 22:40:17,844 INFO output.FileOutputCommitter: FileOutputCommitter skip cleanup _temporary folders under output directory:false, ignore cleanup failures: false
2018-09-29 22:40:17,844 INFO util.ProcfsBasedProcessTree: ProcfsBasedProcessTree currently is supported only on Linux.
2018-09-29 22:40:17,844 INFO mapred.Task:  Using ResourceCalculatorProcessTree : null
2018-09-29 22:40:17,848 INFO mapred.ReduceTask: Using ShuffleConsumerPlugin: org.apache.hadoop.mapreduce.task.reduce.Shuffle@58316e6e
2018-09-29 22:40:17,849 WARN impl.MetricsSystemImpl: JobTracker metrics system already initialized!
2018-09-29 22:40:17,867 INFO reduce.MergeManagerImpl: MergerManager: memoryLimit=3006477056, maxSingleShuffleLimit=751619264, mergeThreshold=1984274944, ioSortFactor=10, memToMemMergeOutputsThreshold=10
2018-09-29 22:40:17,869 INFO reduce.EventFetcher: attempt_local249660640_0001_r_000000_0 Thread started: EventFetcher for fetching Map Completion Events
2018-09-29 22:40:17,901 INFO reduce.LocalFetcher: localfetcher#1 about to shuffle output of map attempt_local249660640_0001_m_000000_0 decomp: 5275 len: 5279 to MEMORY
2018-09-29 22:40:17,903 INFO reduce.InMemoryMapOutput: Read 5275 bytes from map-output for attempt_local249660640_0001_m_000000_0
2018-09-29 22:40:17,905 INFO reduce.MergeManagerImpl: closeInMemoryFile -> map-output of size: 5275, inMemoryMapOutputs.size() -> 1, commitMemory -> 0, usedMemory ->5275
2018-09-29 22:40:17,906 INFO reduce.EventFetcher: EventFetcher is interrupted.. Returning
2018-09-29 22:40:17,907 INFO mapred.LocalJobRunner: 1 / 1 copied.
2018-09-29 22:40:17,907 INFO reduce.MergeManagerImpl: finalMerge called with 1 in-memory map-outputs and 0 on-disk map-outputs
2018-09-29 22:40:17,918 INFO mapred.Merger: Merging 1 sorted segments
2018-09-29 22:40:17,918 INFO mapred.Merger: Down to the last merge-pass, with 1 segments left of total size: 5265 bytes
2018-09-29 22:40:17,933 INFO reduce.MergeManagerImpl: Merged 1 segments, 5275 bytes to disk to satisfy reduce memory limit
2018-09-29 22:40:17,934 INFO reduce.MergeManagerImpl: Merging 1 files, 5279 bytes from disk
2018-09-29 22:40:17,935 INFO reduce.MergeManagerImpl: Merging 0 segments, 0 bytes from memory into reduce
2018-09-29 22:40:17,935 INFO mapred.Merger: Merging 1 sorted segments
2018-09-29 22:40:17,935 INFO mapred.Merger: Down to the last merge-pass, with 1 segments left of total size: 5265 bytes
2018-09-29 22:40:17,935 INFO mapred.LocalJobRunner: 1 / 1 copied.
2018-09-29 22:40:17,966 INFO Configuration.deprecation: mapred.skip.on is deprecated. Instead, use mapreduce.job.skiprecords
2018-09-29 22:40:18,031 INFO mapred.Task: Task:attempt_local249660640_0001_r_000000_0 is done. And is in the process of committing
2018-09-29 22:40:18,033 INFO mapred.LocalJobRunner: 1 / 1 copied.
2018-09-29 22:40:18,033 INFO mapred.Task: Task attempt_local249660640_0001_r_000000_0 is allowed to commit now
2018-09-29 22:40:18,048 INFO output.FileOutputCommitter: Saved output of task 'attempt_local249660640_0001_r_000000_0' to hdfs://localhost:9000/output2
2018-09-29 22:40:18,049 INFO mapred.LocalJobRunner: reduce > reduce
2018-09-29 22:40:18,049 INFO mapred.Task: Task 'attempt_local249660640_0001_r_000000_0' done.
2018-09-29 22:40:18,049 INFO mapred.Task: Final Counters for attempt_local249660640_0001_r_000000_0: Counters: 29
	File System Counters
		FILE: Number of bytes read=13854
		FILE: Number of bytes written=515922
		FILE: Number of read operations=0
		FILE: Number of large read operations=0
		FILE: Number of write operations=0
		HDFS: Number of bytes read=5412
		HDFS: Number of bytes written=3766
		HDFS: Number of read operations=10
		HDFS: Number of large read operations=0
		HDFS: Number of write operations=3
	Map-Reduce Framework
		Combine input records=0
		Combine output records=0
		Reduce input groups=380
		Reduce shuffle bytes=5279
		Reduce input records=380
		Reduce output records=380
		Spilled Records=380
		Shuffled Maps =1
		Failed Shuffles=0
		Merged Map outputs=1
		GC time elapsed (ms)=0
		Total committed heap usage (bytes)=328204288
	Shuffle Errors
		BAD_ID=0
		CONNECTION=0
		IO_ERROR=0
		WRONG_LENGTH=0
		WRONG_MAP=0
		WRONG_REDUCE=0
	File Output Format Counters
		Bytes Written=3766
2018-09-29 22:40:18,050 INFO mapred.LocalJobRunner: Finishing task: attempt_local249660640_0001_r_000000_0
2018-09-29 22:40:18,051 INFO mapred.LocalJobRunner: reduce task executor complete.
2018-09-29 22:40:18,428 INFO mapreduce.Job: Job job_local249660640_0001 running in uber mode : false
2018-09-29 22:40:18,430 INFO mapreduce.Job:  map 100% reduce 100%
2018-09-29 22:40:18,431 INFO mapreduce.Job: Job job_local249660640_0001 completed successfully
2018-09-29 22:40:18,439 INFO mapreduce.Job: Counters: 35
	File System Counters
		FILE: Number of bytes read=17118
		FILE: Number of bytes written=1026565
		FILE: Number of read operations=0
		FILE: Number of large read operations=0
		FILE: Number of write operations=0
		HDFS: Number of bytes read=10824
		HDFS: Number of bytes written=3766
		HDFS: Number of read operations=15
		HDFS: Number of large read operations=0
		HDFS: Number of write operations=4
	Map-Reduce Framework
		Map input records=30
		Map output records=840
		Map output bytes=8760
		Map output materialized bytes=5279
		Input split bytes=105
		Combine input records=840
		Combine output records=380
		Reduce input groups=380
		Reduce shuffle bytes=5279
		Reduce input records=380
		Reduce output records=380
		Spilled Records=760
		Shuffled Maps =1
		Failed Shuffles=0
		Merged Map outputs=1
		GC time elapsed (ms)=0
		Total committed heap usage (bytes)=656408576
	Shuffle Errors
		BAD_ID=0
		CONNECTION=0
		IO_ERROR=0
		WRONG_LENGTH=0
		WRONG_MAP=0
		WRONG_REDUCE=0
	File Input Format Counters
		Bytes Read=5412
	File Output Format Counters
		Bytes Written=3766
bin/hadoop jar wc.jar WordCount /input2 /output2  6.06s user 0.50s system 196% cpu 3.329 total

